This is pdfTeX, Version 3.141592653-2.6-1.40.25 (TeX Live 2023/Debian) (preloaded format=pdflatex 2025.5.14)  14 MAY 2025 13:30
entering extended mode
 restricted \write18 enabled.
 %&-line parsing enabled.
**main.tex
(./main.tex
LaTeX2e <2023-11-01> patch level 1
L3 programming layer <2024-01-22>
(/usr/share/texlive/texmf-dist/tex/latex/beamer/beamer.cls
Document Class: beamer 2024/01/06 v3.71 A class for typesetting presentations
(/usr/share/texlive/texmf-dist/tex/latex/beamer/beamerbasemodes.sty
(/usr/share/texlive/texmf-dist/tex/latex/etoolbox/etoolbox.sty
Package: etoolbox 2020/10/05 v2.5k e-TeX tools for LaTeX (JAW)
\etb@tempcnta=\count187
)
\beamer@tempbox=\box51
\beamer@tempcount=\count188
\c@beamerpauses=\count189

(/usr/share/texlive/texmf-dist/tex/latex/beamer/beamerbasedecode.sty
\beamer@slideinframe=\count190
\beamer@minimum=\count191
\beamer@decode@box=\box52
)
\beamer@commentbox=\box53
\beamer@modecount=\count192
)
(/usr/share/texlive/texmf-dist/tex/generic/iftex/iftex.sty
Package: iftex 2022/02/03 v1.0f TeX engine tests
)
\headdp=\dimen140
\footheight=\dimen141
\sidebarheight=\dimen142
\beamer@tempdim=\dimen143
\beamer@finalheight=\dimen144
\beamer@animht=\dimen145
\beamer@animdp=\dimen146
\beamer@animwd=\dimen147
\beamer@leftmargin=\dimen148
\beamer@rightmargin=\dimen149
\beamer@leftsidebar=\dimen150
\beamer@rightsidebar=\dimen151
\beamer@boxsize=\dimen152
\beamer@vboxoffset=\dimen153
\beamer@descdefault=\dimen154
\beamer@descriptionwidth=\dimen155
\beamer@lastskip=\skip48
\beamer@areabox=\box54
\beamer@animcurrent=\box55
\beamer@animshowbox=\box56
\beamer@sectionbox=\box57
\beamer@logobox=\box58
\beamer@linebox=\box59
\beamer@sectioncount=\count193
\beamer@subsubsectionmax=\count194
\beamer@subsectionmax=\count195
\beamer@sectionmax=\count196
\beamer@totalheads=\count197
\beamer@headcounter=\count198
\beamer@partstartpage=\count199
\beamer@sectionstartpage=\count266
\beamer@subsectionstartpage=\count267
\beamer@animationtempa=\count268
\beamer@animationtempb=\count269
\beamer@xpos=\count270
\beamer@ypos=\count271
\beamer@ypos@offset=\count272
\beamer@showpartnumber=\count273
\beamer@currentsubsection=\count274
\beamer@coveringdepth=\count275
\beamer@sectionadjust=\count276
\beamer@toclastsection=\count277
\beamer@tocsectionnumber=\count278

(/usr/share/texlive/texmf-dist/tex/latex/beamer/beamerbaseoptions.sty
(/usr/share/texlive/texmf-dist/tex/latex/graphics/keyval.sty
Package: keyval 2022/05/29 v1.15 key=value parser (DPC)
\KV@toks@=\toks17
))
\beamer@paperwidth=\skip49
\beamer@paperheight=\skip50

(/usr/share/texlive/texmf-dist/tex/latex/geometry/geometry.sty
Package: geometry 2020/01/02 v5.9 Page Geometry

(/usr/share/texlive/texmf-dist/tex/generic/iftex/ifvtex.sty
Package: ifvtex 2019/10/25 v1.7 ifvtex legacy package. Use iftex instead.
)
\Gm@cnth=\count279
\Gm@cntv=\count280
\c@Gm@tempcnt=\count281
\Gm@bindingoffset=\dimen156
\Gm@wd@mp=\dimen157
\Gm@odd@mp=\dimen158
\Gm@even@mp=\dimen159
\Gm@layoutwidth=\dimen160
\Gm@layoutheight=\dimen161
\Gm@layouthoffset=\dimen162
\Gm@layoutvoffset=\dimen163
\Gm@dimlist=\toks18
)
(/usr/share/texlive/texmf-dist/tex/latex/pgf/math/pgfmath.sty
(/usr/share/texlive/texmf-dist/tex/latex/pgf/utilities/pgfrcs.sty
(/usr/share/texlive/texmf-dist/tex/generic/pgf/utilities/pgfutil-common.tex
\pgfutil@everybye=\toks19
\pgfutil@tempdima=\dimen164
\pgfutil@tempdimb=\dimen165
)
(/usr/share/texlive/texmf-dist/tex/generic/pgf/utilities/pgfutil-latex.def
\pgfutil@abb=\box60
)
(/usr/share/texlive/texmf-dist/tex/generic/pgf/utilities/pgfrcs.code.tex
(/usr/share/texlive/texmf-dist/tex/generic/pgf/pgf.revision.tex)
Package: pgfrcs 2023-01-15 v3.1.10 (3.1.10)
))
(/usr/share/texlive/texmf-dist/tex/latex/pgf/utilities/pgfkeys.sty
(/usr/share/texlive/texmf-dist/tex/generic/pgf/utilities/pgfkeys.code.tex
\pgfkeys@pathtoks=\toks20
\pgfkeys@temptoks=\toks21

(/usr/share/texlive/texmf-dist/tex/generic/pgf/utilities/pgfkeyslibraryfiltered
.code.tex
\pgfkeys@tmptoks=\toks22
)))
(/usr/share/texlive/texmf-dist/tex/generic/pgf/math/pgfmath.code.tex
(/usr/share/texlive/texmf-dist/tex/generic/pgf/math/pgfmathutil.code.tex
\pgf@x=\dimen166
\pgf@xa=\dimen167
\pgf@xb=\dimen168
\pgf@xc=\dimen169
\pgf@y=\dimen170
\pgf@ya=\dimen171
\pgf@yb=\dimen172
\pgf@yc=\dimen173
\c@pgf@counta=\count282
\c@pgf@countb=\count283
\c@pgf@countc=\count284
\c@pgf@countd=\count285
)
(/usr/share/texlive/texmf-dist/tex/generic/pgf/math/pgfmathparser.code.tex
\pgfmath@dimen=\dimen174
\pgfmath@count=\count286
\pgfmath@box=\box61
\pgfmath@toks=\toks23
\pgfmath@stack@operand=\toks24
\pgfmath@stack@operation=\toks25
)
(/usr/share/texlive/texmf-dist/tex/generic/pgf/math/pgfmathfunctions.code.tex)
(/usr/share/texlive/texmf-dist/tex/generic/pgf/math/pgfmathfunctions.basic.code
.tex)
(/usr/share/texlive/texmf-dist/tex/generic/pgf/math/pgfmathfunctions.trigonomet
ric.code.tex)
(/usr/share/texlive/texmf-dist/tex/generic/pgf/math/pgfmathfunctions.random.cod
e.tex)
(/usr/share/texlive/texmf-dist/tex/generic/pgf/math/pgfmathfunctions.comparison
.code.tex)
(/usr/share/texlive/texmf-dist/tex/generic/pgf/math/pgfmathfunctions.base.code.
tex)
(/usr/share/texlive/texmf-dist/tex/generic/pgf/math/pgfmathfunctions.round.code
.tex)
(/usr/share/texlive/texmf-dist/tex/generic/pgf/math/pgfmathfunctions.misc.code.
tex)
(/usr/share/texlive/texmf-dist/tex/generic/pgf/math/pgfmathfunctions.integerari
thmetics.code.tex)
(/usr/share/texlive/texmf-dist/tex/generic/pgf/math/pgfmathcalc.code.tex)
(/usr/share/texlive/texmf-dist/tex/generic/pgf/math/pgfmathfloat.code.tex
\c@pgfmathroundto@lastzeros=\count287
)))
(/usr/share/texlive/texmf-dist/tex/latex/base/size11.clo
File: size11.clo 2023/05/17 v1.4n Standard LaTeX file (size option)
)
(/usr/share/texlive/texmf-dist/tex/latex/pgf/basiclayer/pgfcore.sty
(/usr/share/texlive/texmf-dist/tex/latex/graphics/graphicx.sty
Package: graphicx 2021/09/16 v1.2d Enhanced LaTeX Graphics (DPC,SPQR)

(/usr/share/texlive/texmf-dist/tex/latex/graphics/graphics.sty
Package: graphics 2022/03/10 v1.4e Standard LaTeX Graphics (DPC,SPQR)

(/usr/share/texlive/texmf-dist/tex/latex/graphics/trig.sty
Package: trig 2021/08/11 v1.11 sin cos tan (DPC)
)
(/usr/share/texlive/texmf-dist/tex/latex/graphics-cfg/graphics.cfg
File: graphics.cfg 2016/06/04 v1.11 sample graphics configuration
)
Package graphics Info: Driver file: pdftex.def on input line 107.

(/usr/share/texlive/texmf-dist/tex/latex/graphics-def/pdftex.def
File: pdftex.def 2022/09/22 v1.2b Graphics/color driver for pdftex
))
\Gin@req@height=\dimen175
\Gin@req@width=\dimen176
)
(/usr/share/texlive/texmf-dist/tex/latex/pgf/systemlayer/pgfsys.sty
(/usr/share/texlive/texmf-dist/tex/generic/pgf/systemlayer/pgfsys.code.tex
Package: pgfsys 2023-01-15 v3.1.10 (3.1.10)
\pgf@x=\dimen177
\pgf@y=\dimen178
\pgf@xa=\dimen179
\pgf@ya=\dimen180
\pgf@xb=\dimen181
\pgf@yb=\dimen182
\pgf@xc=\dimen183
\pgf@yc=\dimen184
\pgf@xd=\dimen185
\pgf@yd=\dimen186
\w@pgf@writea=\write3
\r@pgf@reada=\read2
\c@pgf@counta=\count288
\c@pgf@countb=\count289
\c@pgf@countc=\count290
\c@pgf@countd=\count291
\t@pgf@toka=\toks26
\t@pgf@tokb=\toks27
\t@pgf@tokc=\toks28
\pgf@sys@id@count=\count292

(/usr/share/texlive/texmf-dist/tex/generic/pgf/systemlayer/pgf.cfg
File: pgf.cfg 2023-01-15 v3.1.10 (3.1.10)
)
Driver file for pgf: pgfsys-pdftex.def

(/usr/share/texlive/texmf-dist/tex/generic/pgf/systemlayer/pgfsys-pdftex.def
File: pgfsys-pdftex.def 2023-01-15 v3.1.10 (3.1.10)

(/usr/share/texlive/texmf-dist/tex/generic/pgf/systemlayer/pgfsys-common-pdf.de
f
File: pgfsys-common-pdf.def 2023-01-15 v3.1.10 (3.1.10)
)))
(/usr/share/texlive/texmf-dist/tex/generic/pgf/systemlayer/pgfsyssoftpath.code.
tex
File: pgfsyssoftpath.code.tex 2023-01-15 v3.1.10 (3.1.10)
\pgfsyssoftpath@smallbuffer@items=\count293
\pgfsyssoftpath@bigbuffer@items=\count294
)
(/usr/share/texlive/texmf-dist/tex/generic/pgf/systemlayer/pgfsysprotocol.code.
tex
File: pgfsysprotocol.code.tex 2023-01-15 v3.1.10 (3.1.10)
)) (/usr/share/texlive/texmf-dist/tex/latex/xcolor/xcolor.sty
Package: xcolor 2023/11/15 v3.01 LaTeX color extensions (UK)

(/usr/share/texlive/texmf-dist/tex/latex/graphics-cfg/color.cfg
File: color.cfg 2016/01/02 v1.6 sample color configuration
)
Package xcolor Info: Driver file: pdftex.def on input line 274.

(/usr/share/texlive/texmf-dist/tex/latex/graphics/mathcolor.ltx)
Package xcolor Info: Model `cmy' substituted by `cmy0' on input line 1350.
Package xcolor Info: Model `hsb' substituted by `rgb' on input line 1354.
Package xcolor Info: Model `RGB' extended on input line 1366.
Package xcolor Info: Model `HTML' substituted by `rgb' on input line 1368.
Package xcolor Info: Model `Hsb' substituted by `hsb' on input line 1369.
Package xcolor Info: Model `tHsb' substituted by `hsb' on input line 1370.
Package xcolor Info: Model `HSB' substituted by `hsb' on input line 1371.
Package xcolor Info: Model `Gray' substituted by `gray' on input line 1372.
Package xcolor Info: Model `wave' substituted by `hsb' on input line 1373.
)
(/usr/share/texlive/texmf-dist/tex/generic/pgf/basiclayer/pgfcore.code.tex
Package: pgfcore 2023-01-15 v3.1.10 (3.1.10)

(/usr/share/texlive/texmf-dist/tex/generic/pgf/math/pgfint.code.tex)
(/usr/share/texlive/texmf-dist/tex/generic/pgf/basiclayer/pgfcorepoints.code.te
x
File: pgfcorepoints.code.tex 2023-01-15 v3.1.10 (3.1.10)
\pgf@picminx=\dimen187
\pgf@picmaxx=\dimen188
\pgf@picminy=\dimen189
\pgf@picmaxy=\dimen190
\pgf@pathminx=\dimen191
\pgf@pathmaxx=\dimen192
\pgf@pathminy=\dimen193
\pgf@pathmaxy=\dimen194
\pgf@xx=\dimen195
\pgf@xy=\dimen196
\pgf@yx=\dimen197
\pgf@yy=\dimen198
\pgf@zx=\dimen199
\pgf@zy=\dimen256
)
(/usr/share/texlive/texmf-dist/tex/generic/pgf/basiclayer/pgfcorepathconstruct.
code.tex
File: pgfcorepathconstruct.code.tex 2023-01-15 v3.1.10 (3.1.10)
\pgf@path@lastx=\dimen257
\pgf@path@lasty=\dimen258
)
(/usr/share/texlive/texmf-dist/tex/generic/pgf/basiclayer/pgfcorepathusage.code
.tex
File: pgfcorepathusage.code.tex 2023-01-15 v3.1.10 (3.1.10)
\pgf@shorten@end@additional=\dimen259
\pgf@shorten@start@additional=\dimen260
)
(/usr/share/texlive/texmf-dist/tex/generic/pgf/basiclayer/pgfcorescopes.code.te
x
File: pgfcorescopes.code.tex 2023-01-15 v3.1.10 (3.1.10)
\pgfpic=\box62
\pgf@hbox=\box63
\pgf@layerbox@main=\box64
\pgf@picture@serial@count=\count295
)
(/usr/share/texlive/texmf-dist/tex/generic/pgf/basiclayer/pgfcoregraphicstate.c
ode.tex
File: pgfcoregraphicstate.code.tex 2023-01-15 v3.1.10 (3.1.10)
\pgflinewidth=\dimen261
)
(/usr/share/texlive/texmf-dist/tex/generic/pgf/basiclayer/pgfcoretransformation
s.code.tex
File: pgfcoretransformations.code.tex 2023-01-15 v3.1.10 (3.1.10)
\pgf@pt@x=\dimen262
\pgf@pt@y=\dimen263
\pgf@pt@temp=\dimen264
)
(/usr/share/texlive/texmf-dist/tex/generic/pgf/basiclayer/pgfcorequick.code.tex
File: pgfcorequick.code.tex 2023-01-15 v3.1.10 (3.1.10)
)
(/usr/share/texlive/texmf-dist/tex/generic/pgf/basiclayer/pgfcoreobjects.code.t
ex
File: pgfcoreobjects.code.tex 2023-01-15 v3.1.10 (3.1.10)
)
(/usr/share/texlive/texmf-dist/tex/generic/pgf/basiclayer/pgfcorepathprocessing
.code.tex
File: pgfcorepathprocessing.code.tex 2023-01-15 v3.1.10 (3.1.10)
)
(/usr/share/texlive/texmf-dist/tex/generic/pgf/basiclayer/pgfcorearrows.code.te
x
File: pgfcorearrows.code.tex 2023-01-15 v3.1.10 (3.1.10)
\pgfarrowsep=\dimen265
)
(/usr/share/texlive/texmf-dist/tex/generic/pgf/basiclayer/pgfcoreshade.code.tex
File: pgfcoreshade.code.tex 2023-01-15 v3.1.10 (3.1.10)
\pgf@max=\dimen266
\pgf@sys@shading@range@num=\count296
\pgf@shadingcount=\count297
)
(/usr/share/texlive/texmf-dist/tex/generic/pgf/basiclayer/pgfcoreimage.code.tex
File: pgfcoreimage.code.tex 2023-01-15 v3.1.10 (3.1.10)
)
(/usr/share/texlive/texmf-dist/tex/generic/pgf/basiclayer/pgfcoreexternal.code.
tex
File: pgfcoreexternal.code.tex 2023-01-15 v3.1.10 (3.1.10)
\pgfexternal@startupbox=\box65
)
(/usr/share/texlive/texmf-dist/tex/generic/pgf/basiclayer/pgfcorelayers.code.te
x
File: pgfcorelayers.code.tex 2023-01-15 v3.1.10 (3.1.10)
)
(/usr/share/texlive/texmf-dist/tex/generic/pgf/basiclayer/pgfcoretransparency.c
ode.tex
File: pgfcoretransparency.code.tex 2023-01-15 v3.1.10 (3.1.10)
)
(/usr/share/texlive/texmf-dist/tex/generic/pgf/basiclayer/pgfcorepatterns.code.
tex
File: pgfcorepatterns.code.tex 2023-01-15 v3.1.10 (3.1.10)
)
(/usr/share/texlive/texmf-dist/tex/generic/pgf/basiclayer/pgfcorerdf.code.tex
File: pgfcorerdf.code.tex 2023-01-15 v3.1.10 (3.1.10)
))) (/usr/share/texlive/texmf-dist/tex/latex/pgf/utilities/xxcolor.sty
Package: xxcolor 2003/10/24 ver 0.1
\XC@nummixins=\count298
\XC@countmixins=\count299
)
(/usr/share/texlive/texmf-dist/tex/latex/base/atbegshi-ltx.sty
Package: atbegshi-ltx 2021/01/10 v1.0c Emulation of the original atbegshi
package with kernel methods
)
(/usr/share/texlive/texmf-dist/tex/latex/hyperref/hyperref.sty
Package: hyperref 2024-01-20 v7.01h Hypertext links for LaTeX

(/usr/share/texlive/texmf-dist/tex/latex/kvsetkeys/kvsetkeys.sty
Package: kvsetkeys 2022-10-05 v1.19 Key value parser (HO)
)
(/usr/share/texlive/texmf-dist/tex/generic/kvdefinekeys/kvdefinekeys.sty
Package: kvdefinekeys 2019-12-19 v1.6 Define keys (HO)
)
(/usr/share/texlive/texmf-dist/tex/generic/pdfescape/pdfescape.sty
Package: pdfescape 2019/12/09 v1.15 Implements pdfTeX's escape features (HO)

(/usr/share/texlive/texmf-dist/tex/generic/ltxcmds/ltxcmds.sty
Package: ltxcmds 2023-12-04 v1.26 LaTeX kernel commands for general use (HO)
)
(/usr/share/texlive/texmf-dist/tex/generic/pdftexcmds/pdftexcmds.sty
Package: pdftexcmds 2020-06-27 v0.33 Utility functions of pdfTeX for LuaTeX (HO
)

(/usr/share/texlive/texmf-dist/tex/generic/infwarerr/infwarerr.sty
Package: infwarerr 2019/12/03 v1.5 Providing info/warning/error messages (HO)
)
Package pdftexcmds Info: \pdf@primitive is available.
Package pdftexcmds Info: \pdf@ifprimitive is available.
Package pdftexcmds Info: \pdfdraftmode found.
))
(/usr/share/texlive/texmf-dist/tex/latex/hycolor/hycolor.sty
Package: hycolor 2020-01-27 v1.10 Color options for hyperref/bookmark (HO)
)
(/usr/share/texlive/texmf-dist/tex/latex/auxhook/auxhook.sty
Package: auxhook 2019-12-17 v1.6 Hooks for auxiliary files (HO)
)
(/usr/share/texlive/texmf-dist/tex/latex/hyperref/nameref.sty
Package: nameref 2023-11-26 v2.56 Cross-referencing by name of section

(/usr/share/texlive/texmf-dist/tex/latex/refcount/refcount.sty
Package: refcount 2019/12/15 v3.6 Data extraction from label references (HO)
)
(/usr/share/texlive/texmf-dist/tex/generic/gettitlestring/gettitlestring.sty
Package: gettitlestring 2019/12/15 v1.6 Cleanup title references (HO)

(/usr/share/texlive/texmf-dist/tex/latex/kvoptions/kvoptions.sty
Package: kvoptions 2022-06-15 v3.15 Key value format for package options (HO)
))
\c@section@level=\count300
)
\@linkdim=\dimen267
\Hy@linkcounter=\count301
\Hy@pagecounter=\count302

(/usr/share/texlive/texmf-dist/tex/latex/hyperref/pd1enc.def
File: pd1enc.def 2024-01-20 v7.01h Hyperref: PDFDocEncoding definition (HO)
Now handling font encoding PD1 ...
... no UTF-8 mapping file for font encoding PD1
)
(/usr/share/texlive/texmf-dist/tex/generic/intcalc/intcalc.sty
Package: intcalc 2019/12/15 v1.3 Expandable calculations with integers (HO)
)
\Hy@SavedSpaceFactor=\count303

(/usr/share/texlive/texmf-dist/tex/latex/hyperref/puenc.def
File: puenc.def 2024-01-20 v7.01h Hyperref: PDF Unicode definition (HO)
Now handling font encoding PU ...
... no UTF-8 mapping file for font encoding PU
)
Package hyperref Info: Option `bookmarks' set `true' on input line 4062.
Package hyperref Info: Option `bookmarksopen' set `true' on input line 4062.
Package hyperref Info: Option `implicit' set `false' on input line 4062.
Package hyperref Info: Hyper figures OFF on input line 4179.
Package hyperref Info: Link nesting OFF on input line 4184.
Package hyperref Info: Hyper index ON on input line 4187.
Package hyperref Info: Plain pages OFF on input line 4194.
Package hyperref Info: Backreferencing OFF on input line 4199.
Package hyperref Info: Implicit mode OFF; no redefinition of LaTeX internals.
Package hyperref Info: Bookmarks ON on input line 4446.
\c@Hy@tempcnt=\count304

(/usr/share/texlive/texmf-dist/tex/latex/url/url.sty
\Urlmuskip=\muskip16
Package: url 2013/09/16  ver 3.4  Verb mode for urls, etc.
)
LaTeX Info: Redefining \url on input line 4784.
\XeTeXLinkMargin=\dimen268

(/usr/share/texlive/texmf-dist/tex/generic/bitset/bitset.sty
Package: bitset 2019/12/09 v1.3 Handle bit-vector datatype (HO)

(/usr/share/texlive/texmf-dist/tex/generic/bigintcalc/bigintcalc.sty
Package: bigintcalc 2019/12/15 v1.5 Expandable calculations on big integers (HO
)
))
\Fld@menulength=\count305
\Field@Width=\dimen269
\Fld@charsize=\dimen270
Package hyperref Info: Hyper figures OFF on input line 6063.
Package hyperref Info: Link nesting OFF on input line 6068.
Package hyperref Info: Hyper index ON on input line 6071.
Package hyperref Info: backreferencing OFF on input line 6078.
Package hyperref Info: Link coloring OFF on input line 6083.
Package hyperref Info: Link coloring with OCG OFF on input line 6088.
Package hyperref Info: PDF/A mode OFF on input line 6093.
\Hy@abspage=\count306


Package hyperref Message: Stopped early.

)
Package hyperref Info: Driver (autodetected): hpdftex.
 (/usr/share/texlive/texmf-dist/tex/latex/hyperref/hpdftex.def
File: hpdftex.def 2024-01-20 v7.01h Hyperref driver for pdfTeX

(/usr/share/texlive/texmf-dist/tex/latex/base/atveryend-ltx.sty
Package: atveryend-ltx 2020/08/19 v1.0a Emulation of the original atveryend pac
kage
with kernel methods
)
\Fld@listcount=\count307
\c@bookmark@seq@number=\count308

(/usr/share/texlive/texmf-dist/tex/latex/rerunfilecheck/rerunfilecheck.sty
Package: rerunfilecheck 2022-07-10 v1.10 Rerun checks for auxiliary files (HO)

(/usr/share/texlive/texmf-dist/tex/generic/uniquecounter/uniquecounter.sty
Package: uniquecounter 2019/12/15 v1.4 Provide unlimited unique counter (HO)
)
Package uniquecounter Info: New unique counter `rerunfilecheck' on input line 2
85.
))
(/usr/share/texlive/texmf-dist/tex/latex/beamer/beamerbaserequires.sty
(/usr/share/texlive/texmf-dist/tex/latex/beamer/beamerbasecompatibility.sty)
(/usr/share/texlive/texmf-dist/tex/latex/beamer/beamerbasefont.sty
(/usr/share/texlive/texmf-dist/tex/latex/amsfonts/amssymb.sty
Package: amssymb 2013/01/14 v3.01 AMS font symbols

(/usr/share/texlive/texmf-dist/tex/latex/amsfonts/amsfonts.sty
Package: amsfonts 2013/01/14 v3.01 Basic AMSFonts support
\@emptytoks=\toks29
\symAMSa=\mathgroup4
\symAMSb=\mathgroup5
LaTeX Font Info:    Redeclaring math symbol \hbar on input line 98.
LaTeX Font Info:    Overwriting math alphabet `\mathfrak' in version `bold'
(Font)                  U/euf/m/n --> U/euf/b/n on input line 106.
))
(/usr/share/texlive/texmf-dist/tex/latex/sansmathaccent/sansmathaccent.sty
Package: sansmathaccent 2020/01/31

(/usr/share/texlive/texmf-dist/tex/latex/koma-script/scrlfile.sty
Package: scrlfile 2023/07/07 v3.41 KOMA-Script package (file load hooks)

(/usr/share/texlive/texmf-dist/tex/latex/koma-script/scrlfile-hook.sty
Package: scrlfile-hook 2023/07/07 v3.41 KOMA-Script package (using LaTeX hooks)


(/usr/share/texlive/texmf-dist/tex/latex/koma-script/scrlogo.sty
Package: scrlogo 2023/07/07 v3.41 KOMA-Script package (logo)
)))))
(/usr/share/texlive/texmf-dist/tex/latex/beamer/beamerbasetranslator.sty
(/usr/share/texlive/texmf-dist/tex/latex/translator/translator.sty
Package: translator 2021-05-31 v1.12d Easy translation of strings in LaTeX
))
(/usr/share/texlive/texmf-dist/tex/latex/beamer/beamerbasemisc.sty)
(/usr/share/texlive/texmf-dist/tex/latex/beamer/beamerbasetwoscreens.sty)
(/usr/share/texlive/texmf-dist/tex/latex/beamer/beamerbaseoverlay.sty
\beamer@argscount=\count309
\beamer@lastskipcover=\skip51
\beamer@trivlistdepth=\count310
)
(/usr/share/texlive/texmf-dist/tex/latex/beamer/beamerbasetitle.sty)
(/usr/share/texlive/texmf-dist/tex/latex/beamer/beamerbasesection.sty
\c@lecture=\count311
\c@part=\count312
\c@section=\count313
\c@subsection=\count314
\c@subsubsection=\count315
)
(/usr/share/texlive/texmf-dist/tex/latex/beamer/beamerbaseframe.sty
\beamer@framebox=\box66
\beamer@frametitlebox=\box67
\beamer@zoombox=\box68
\beamer@zoomcount=\count316
\beamer@zoomframecount=\count317
\beamer@frametextheight=\dimen271
\c@subsectionslide=\count318
\beamer@frametopskip=\skip52
\beamer@framebottomskip=\skip53
\beamer@frametopskipautobreak=\skip54
\beamer@framebottomskipautobreak=\skip55
\beamer@envbody=\toks30
\framewidth=\dimen272
\c@framenumber=\count319
)
(/usr/share/texlive/texmf-dist/tex/latex/beamer/beamerbaseverbatim.sty
\beamer@verbatimfileout=\write4
)
(/usr/share/texlive/texmf-dist/tex/latex/beamer/beamerbaseframesize.sty
\beamer@splitbox=\box69
\beamer@autobreakcount=\count320
\beamer@autobreaklastheight=\dimen273
\beamer@frametitletoks=\toks31
\beamer@framesubtitletoks=\toks32
)
(/usr/share/texlive/texmf-dist/tex/latex/beamer/beamerbaseframecomponents.sty
\beamer@footins=\box70
)
(/usr/share/texlive/texmf-dist/tex/latex/beamer/beamerbasecolor.sty)
(/usr/share/texlive/texmf-dist/tex/latex/beamer/beamerbasenotes.sty
\beamer@frameboxcopy=\box71
)
(/usr/share/texlive/texmf-dist/tex/latex/beamer/beamerbasetoc.sty)
(/usr/share/texlive/texmf-dist/tex/latex/beamer/beamerbasetemplates.sty
\beamer@sbttoks=\toks33

(/usr/share/texlive/texmf-dist/tex/latex/beamer/beamerbaseauxtemplates.sty
(/usr/share/texlive/texmf-dist/tex/latex/beamer/beamerbaseboxes.sty
\bmb@box=\box72
\bmb@colorbox=\box73
\bmb@boxwidth=\dimen274
\bmb@boxheight=\dimen275
\bmb@prevheight=\dimen276
\bmb@temp=\dimen277
\bmb@dima=\dimen278
\bmb@dimb=\dimen279
\bmb@prevheight=\dimen280
)
\beamer@blockheadheight=\dimen281
))
(/usr/share/texlive/texmf-dist/tex/latex/beamer/beamerbaselocalstructure.sty
(/usr/share/texlive/texmf-dist/tex/latex/tools/enumerate.sty
Package: enumerate 2023/07/04 v3.00 enumerate extensions (DPC)
\@enLab=\toks34
)
\beamer@bibiconwidth=\skip56
\c@figure=\count321
\c@table=\count322
\abovecaptionskip=\skip57
\belowcaptionskip=\skip58
)
(/usr/share/texlive/texmf-dist/tex/latex/beamer/beamerbasenavigation.sty
(/usr/share/texlive/texmf-dist/tex/latex/beamer/beamerbasenavigationsymbols.tex
)
\beamer@section@min@dim=\dimen282
) (/usr/share/texlive/texmf-dist/tex/latex/beamer/beamerbasetheorems.sty
(/usr/share/texlive/texmf-dist/tex/latex/amsmath/amsmath.sty
Package: amsmath 2023/05/13 v2.17o AMS math features
\@mathmargin=\skip59

For additional information on amsmath, use the `?' option.
(/usr/share/texlive/texmf-dist/tex/latex/amsmath/amstext.sty
Package: amstext 2021/08/26 v2.01 AMS text

(/usr/share/texlive/texmf-dist/tex/latex/amsmath/amsgen.sty
File: amsgen.sty 1999/11/30 v2.0 generic functions
\@emptytoks=\toks35
\ex@=\dimen283
))
(/usr/share/texlive/texmf-dist/tex/latex/amsmath/amsbsy.sty
Package: amsbsy 1999/11/29 v1.2d Bold Symbols
\pmbraise@=\dimen284
)
(/usr/share/texlive/texmf-dist/tex/latex/amsmath/amsopn.sty
Package: amsopn 2022/04/08 v2.04 operator names
)
\inf@bad=\count323
LaTeX Info: Redefining \frac on input line 234.
\uproot@=\count324
\leftroot@=\count325
LaTeX Info: Redefining \overline on input line 399.
LaTeX Info: Redefining \colon on input line 410.
\classnum@=\count326
\DOTSCASE@=\count327
LaTeX Info: Redefining \ldots on input line 496.
LaTeX Info: Redefining \dots on input line 499.
LaTeX Info: Redefining \cdots on input line 620.
\Mathstrutbox@=\box74
\strutbox@=\box75
LaTeX Info: Redefining \big on input line 722.
LaTeX Info: Redefining \Big on input line 723.
LaTeX Info: Redefining \bigg on input line 724.
LaTeX Info: Redefining \Bigg on input line 725.
\big@size=\dimen285
LaTeX Font Info:    Redeclaring font encoding OML on input line 743.
LaTeX Font Info:    Redeclaring font encoding OMS on input line 744.
\macc@depth=\count328
LaTeX Info: Redefining \bmod on input line 905.
LaTeX Info: Redefining \pmod on input line 910.
LaTeX Info: Redefining \smash on input line 940.
LaTeX Info: Redefining \relbar on input line 970.
LaTeX Info: Redefining \Relbar on input line 971.
\c@MaxMatrixCols=\count329
\dotsspace@=\muskip17
\c@parentequation=\count330
\dspbrk@lvl=\count331
\tag@help=\toks36
\row@=\count332
\column@=\count333
\maxfields@=\count334
\andhelp@=\toks37
\eqnshift@=\dimen286
\alignsep@=\dimen287
\tagshift@=\dimen288
\tagwidth@=\dimen289
\totwidth@=\dimen290
\lineht@=\dimen291
\@envbody=\toks38
\multlinegap=\skip60
\multlinetaggap=\skip61
\mathdisplay@stack=\toks39
LaTeX Info: Redefining \[ on input line 2953.
LaTeX Info: Redefining \] on input line 2954.
)
(/usr/share/texlive/texmf-dist/tex/latex/amscls/amsthm.sty
Package: amsthm 2020/05/29 v2.20.6
\thm@style=\toks40
\thm@bodyfont=\toks41
\thm@headfont=\toks42
\thm@notefont=\toks43
\thm@headpunct=\toks44
\thm@preskip=\skip62
\thm@postskip=\skip63
\thm@headsep=\skip64
\dth@everypar=\toks45
)
\c@theorem=\count335
)
(/usr/share/texlive/texmf-dist/tex/latex/beamer/beamerbasethemes.sty))
(/usr/share/texlive/texmf-dist/tex/latex/beamer/beamerthemedefault.sty
(/usr/share/texlive/texmf-dist/tex/latex/beamer/beamerfontthemedefault.sty)
(/usr/share/texlive/texmf-dist/tex/latex/beamer/beamercolorthemedefault.sty)
(/usr/share/texlive/texmf-dist/tex/latex/beamer/beamerinnerthemedefault.sty
\beamer@dima=\dimen292
\beamer@dimb=\dimen293
)
(/usr/share/texlive/texmf-dist/tex/latex/beamer/beamerouterthemedefault.sty)))
(/usr/share/texlive/texmf-dist/tex/latex/pgf/frontendlayer/tikz.sty
(/usr/share/texlive/texmf-dist/tex/latex/pgf/basiclayer/pgf.sty
Package: pgf 2023-01-15 v3.1.10 (3.1.10)

(/usr/share/texlive/texmf-dist/tex/generic/pgf/modules/pgfmoduleshapes.code.tex
File: pgfmoduleshapes.code.tex 2023-01-15 v3.1.10 (3.1.10)
\pgfnodeparttextbox=\box76
) (/usr/share/texlive/texmf-dist/tex/generic/pgf/modules/pgfmoduleplot.code.tex
File: pgfmoduleplot.code.tex 2023-01-15 v3.1.10 (3.1.10)
)
(/usr/share/texlive/texmf-dist/tex/latex/pgf/compatibility/pgfcomp-version-0-65
.sty
Package: pgfcomp-version-0-65 2023-01-15 v3.1.10 (3.1.10)
\pgf@nodesepstart=\dimen294
\pgf@nodesepend=\dimen295
)
(/usr/share/texlive/texmf-dist/tex/latex/pgf/compatibility/pgfcomp-version-1-18
.sty
Package: pgfcomp-version-1-18 2023-01-15 v3.1.10 (3.1.10)
)) (/usr/share/texlive/texmf-dist/tex/latex/pgf/utilities/pgffor.sty
(/usr/share/texlive/texmf-dist/tex/generic/pgf/utilities/pgffor.code.tex
Package: pgffor 2023-01-15 v3.1.10 (3.1.10)
\pgffor@iter=\dimen296
\pgffor@skip=\dimen297
\pgffor@stack=\toks46
\pgffor@toks=\toks47
))
(/usr/share/texlive/texmf-dist/tex/generic/pgf/frontendlayer/tikz/tikz.code.tex
Package: tikz 2023-01-15 v3.1.10 (3.1.10)

(/usr/share/texlive/texmf-dist/tex/generic/pgf/libraries/pgflibraryplothandlers
.code.tex
File: pgflibraryplothandlers.code.tex 2023-01-15 v3.1.10 (3.1.10)
\pgf@plot@mark@count=\count336
\pgfplotmarksize=\dimen298
)
\tikz@lastx=\dimen299
\tikz@lasty=\dimen300
\tikz@lastxsaved=\dimen301
\tikz@lastysaved=\dimen302
\tikz@lastmovetox=\dimen303
\tikz@lastmovetoy=\dimen304
\tikzleveldistance=\dimen305
\tikzsiblingdistance=\dimen306
\tikz@figbox=\box77
\tikz@figbox@bg=\box78
\tikz@tempbox=\box79
\tikz@tempbox@bg=\box80
\tikztreelevel=\count337
\tikznumberofchildren=\count338
\tikznumberofcurrentchild=\count339
\tikz@fig@count=\count340

(/usr/share/texlive/texmf-dist/tex/generic/pgf/modules/pgfmodulematrix.code.tex
File: pgfmodulematrix.code.tex 2023-01-15 v3.1.10 (3.1.10)
\pgfmatrixcurrentrow=\count341
\pgfmatrixcurrentcolumn=\count342
\pgf@matrix@numberofcolumns=\count343
)
\tikz@expandcount=\count344

(/usr/share/texlive/texmf-dist/tex/generic/pgf/frontendlayer/tikz/libraries/tik
zlibrarytopaths.code.tex
File: tikzlibrarytopaths.code.tex 2023-01-15 v3.1.10 (3.1.10)
)))
(/usr/share/texlive/texmf-dist/tex/latex/animate/animate.sty
Package: animate 2023/06/18 PDF & SVG animations from files and inline graphics


(/usr/share/texlive/texmf-dist/tex/latex/base/ifthen.sty
Package: ifthen 2022/04/13 v1.1d Standard LaTeX ifthen package (DPC)
)
(/usr/share/texlive/texmf-dist/tex/latex/oberdiek/ifdraft.sty
Package: ifdraft 2016/05/16 v1.4 Detect class options draft and final (HO)
)
(/usr/share/texlive/texmf-dist/tex/latex/tools/calc.sty
Package: calc 2023/07/08 v4.3 Infix arithmetic (KKT,FJ)
\calc@Acount=\count345
\calc@Bcount=\count346
\calc@Adimen=\dimen307
\calc@Bdimen=\dimen308
\calc@Askip=\skip65
\calc@Bskip=\skip66
LaTeX Info: Redefining \setlength on input line 80.
LaTeX Info: Redefining \addtolength on input line 81.
\calc@Ccount=\count347
\calc@Cskip=\skip67
)
(/usr/share/texlive/texmf-dist/tex/latex/media9/pdfbase.sty
Package: pdfbase 2022/08/04 v0.55 driver independent access to low-level PDF fe
atures

(/usr/share/texlive/texmf-dist/tex/latex/l3backend/l3backend-pdftex.def
File: l3backend-pdftex.def 2024-01-04 L3 backend support: PDF output (pdfTeX)
\l__color_backend_stack_int=\count348
\l__pdf_internal_box=\box81
)
\g_pbs_page_int=\count349
\g_pbs_oc_int=\count350
)
(/usr/share/texlive/texmf-dist/tex/latex/zref/zref-abspage.sty
Package: zref-abspage 2023-09-14 v2.35 Module abspage for zref (HO)

(/usr/share/texlive/texmf-dist/tex/latex/zref/zref-base.sty
Package: zref-base 2023-09-14 v2.35 Module base for zref (HO)

(/usr/share/texlive/texmf-dist/tex/generic/etexcmds/etexcmds.sty
Package: etexcmds 2019/12/15 v1.7 Avoid name clashes with e-TeX commands (HO)
)
Package zref Info: New property list: main on input line 767.
Package zref Info: New property: default on input line 768.
Package zref Info: New property: page on input line 769.
)
\c@abspage=\count351
Package zref Info: New property: abspage on input line 67.
)
(/usr/share/texlive/texmf-dist/tex/latex/ocgx2/ocgbase.sty
Package: ocgbase 2022/08/04 v0.22 support package for ocgx2.sty
\g_ocgbase_nd_int=\count352
)
\@anim@box=\box82
\@anim@measbox=\box83
\@anim@tmpdima=\dimen309
\@anim@tmpdimb=\dimen310
\@anim@num=\count353
\@anim@curframe=\count354
\@anim@curframe@zb=\count355
\@anim@resizeflags=\count356
\@anim@skipfram=\count357
\@anim@mulframecnt=\count358
\@anim@@tmlnfile=\read3
\@anim@tmpcnt=\count359
\c@@anim@ltxcnt=\count360
\@anim@curlayer=\count361
\@anim@lineno=\count362
\@anim@curfield=\count363
\@anim@@resizeflags=\count364
)
(/usr/share/texlive/texmf-dist/tex/latex/tools/tabularx.sty
Package: tabularx 2023/07/08 v2.11c `tabularx' package (DPC)

(/usr/share/texlive/texmf-dist/tex/latex/tools/array.sty
Package: array 2023/10/16 v2.5g Tabular extension package (FMi)
\col@sep=\dimen311
\ar@mcellbox=\box84
\extrarowheight=\dimen312
\NC@list=\toks48
\extratabsurround=\skip68
\backup@length=\skip69
\ar@cellbox=\box85
)
\TX@col@width=\dimen313
\TX@old@table=\dimen314
\TX@old@col=\dimen315
\TX@target=\dimen316
\TX@delta=\dimen317
\TX@cols=\count365
\TX@ftn=\toks49
)
(/usr/share/texlive/texmf-dist/tex/latex/caption/caption.sty
Package: caption 2023/08/05 v3.6o Customizing captions (AR)

(/usr/share/texlive/texmf-dist/tex/latex/caption/caption3.sty
Package: caption3 2023/07/31 v2.4d caption3 kernel (AR)
\caption@tempdima=\dimen318
\captionmargin=\dimen319
\caption@leftmargin=\dimen320
\caption@rightmargin=\dimen321
\caption@width=\dimen322
\caption@indent=\dimen323
\caption@parindent=\dimen324
\caption@hangindent=\dimen325
Package caption Info: beamer document class detected.

(/usr/share/texlive/texmf-dist/tex/latex/caption/caption-beamer.sto
File: caption-beamer.sto 2022/01/06 v2.0c Adaption of the caption package to th
e beamer document classes (AR)
))
\c@caption@flags=\count366
\c@continuedfloat=\count367
Package caption Info: hyperref package is loaded.
Package caption Info: Hyperref support is turned off
(caption)             because hyperref has stopped early.
)
(/usr/share/texlive/texmf-dist/tex/latex/biblatex/biblatex.sty
Package: biblatex 2023/03/05 v3.19 programmable bibliographies (PK/MW)

(/usr/share/texlive/texmf-dist/tex/latex/logreq/logreq.sty
Package: logreq 2010/08/04 v1.0 xml request logger
\lrq@indent=\count368

(/usr/share/texlive/texmf-dist/tex/latex/logreq/logreq.def
File: logreq.def 2010/08/04 v1.0 logreq spec v1.0
))
\c@tabx@nest=\count369
\c@listtotal=\count370
\c@listcount=\count371
\c@liststart=\count372
\c@liststop=\count373
\c@citecount=\count374
\c@citetotal=\count375
\c@multicitecount=\count376
\c@multicitetotal=\count377
\c@instcount=\count378
\c@maxnames=\count379
\c@minnames=\count380
\c@maxitems=\count381
\c@minitems=\count382
\c@citecounter=\count383
\c@maxcitecounter=\count384
\c@savedcitecounter=\count385
\c@uniquelist=\count386
\c@uniquename=\count387
\c@refsection=\count388
\c@refsegment=\count389
\c@maxextratitle=\count390
\c@maxextratitleyear=\count391
\c@maxextraname=\count392
\c@maxextradate=\count393
\c@maxextraalpha=\count394
\c@abbrvpenalty=\count395
\c@highnamepenalty=\count396
\c@lownamepenalty=\count397
\c@maxparens=\count398
\c@parenlevel=\count399
\blx@tempcnta=\count400
\blx@tempcntb=\count401
\blx@tempcntc=\count402
\c@blx@maxsection=\count403
\blx@maxsegment@0=\count404
\blx@notetype=\count405
\blx@parenlevel@text=\count406
\blx@parenlevel@foot=\count407
\blx@sectionciteorder@0=\count408
\blx@sectionciteorderinternal@0=\count409
\blx@entrysetcounter=\count410
\blx@biblioinstance=\count411
\labelnumberwidth=\skip70
\labelalphawidth=\skip71
\biblabelsep=\skip72
\bibitemsep=\skip73
\bibnamesep=\skip74
\bibinitsep=\skip75
\bibparsep=\skip76
\bibhang=\skip77
\blx@bcfin=\read4
\blx@bcfout=\write5
\blx@langwohyphens=\language89
\c@mincomprange=\count412
\c@maxcomprange=\count413
\c@mincompwidth=\count414
Package biblatex Info: Trying to load biblatex default data model...
Package biblatex Info: ... file 'blx-dm.def' found.

(/usr/share/texlive/texmf-dist/tex/latex/biblatex/blx-dm.def
File: blx-dm.def 2023/03/05 v3.19 biblatex localization (PK/MW)
)
Package biblatex Info: Trying to load biblatex custom data model...
Package biblatex Info: ... file 'biblatex-dm.cfg' not found.
\c@afterword=\count415
\c@savedafterword=\count416
\c@annotator=\count417
\c@savedannotator=\count418
\c@author=\count419
\c@savedauthor=\count420
\c@bookauthor=\count421
\c@savedbookauthor=\count422
\c@commentator=\count423
\c@savedcommentator=\count424
\c@editor=\count425
\c@savededitor=\count426
\c@editora=\count427
\c@savededitora=\count428
\c@editorb=\count429
\c@savededitorb=\count430
\c@editorc=\count431
\c@savededitorc=\count432
\c@foreword=\count433
\c@savedforeword=\count434
\c@holder=\count435
\c@savedholder=\count436
\c@introduction=\count437
\c@savedintroduction=\count438
\c@namea=\count439
\c@savednamea=\count440
\c@nameb=\count441
\c@savednameb=\count442
\c@namec=\count443
\c@savednamec=\count444
\c@translator=\count445
\c@savedtranslator=\count446
\c@shortauthor=\count447
\c@savedshortauthor=\count448
\c@shorteditor=\count449
\c@savedshorteditor=\count450
\c@labelname=\count451
\c@savedlabelname=\count452
\c@institution=\count453
\c@savedinstitution=\count454
\c@lista=\count455
\c@savedlista=\count456
\c@listb=\count457
\c@savedlistb=\count458
\c@listc=\count459
\c@savedlistc=\count460
\c@listd=\count461
\c@savedlistd=\count462
\c@liste=\count463
\c@savedliste=\count464
\c@listf=\count465
\c@savedlistf=\count466
\c@location=\count467
\c@savedlocation=\count468
\c@organization=\count469
\c@savedorganization=\count470
\c@origlocation=\count471
\c@savedoriglocation=\count472
\c@origpublisher=\count473
\c@savedorigpublisher=\count474
\c@publisher=\count475
\c@savedpublisher=\count476
\c@language=\count477
\c@savedlanguage=\count478
\c@origlanguage=\count479
\c@savedoriglanguage=\count480
\c@pageref=\count481
\c@savedpageref=\count482
\shorthandwidth=\skip78
\shortjournalwidth=\skip79
\shortserieswidth=\skip80
\shorttitlewidth=\skip81
\shortauthorwidth=\skip82
\shorteditorwidth=\skip83
\locallabelnumberwidth=\skip84
\locallabelalphawidth=\skip85
\localshorthandwidth=\skip86
\localshortjournalwidth=\skip87
\localshortserieswidth=\skip88
\localshorttitlewidth=\skip89
\localshortauthorwidth=\skip90
\localshorteditorwidth=\skip91
Package biblatex Info: Trying to load compatibility code...
Package biblatex Info: ... file 'blx-compat.def' found.

(/usr/share/texlive/texmf-dist/tex/latex/biblatex/blx-compat.def
File: blx-compat.def 2023/03/05 v3.19 biblatex compatibility (PK/MW)
)
Package biblatex Info: Trying to load generic definitions...
Package biblatex Info: ... file 'biblatex.def' found.

(/usr/share/texlive/texmf-dist/tex/latex/biblatex/biblatex.def
File: biblatex.def 2023/03/05 v3.19 biblatex compatibility (PK/MW)
\c@textcitecount=\count483
\c@textcitetotal=\count484
\c@textcitemaxnames=\count485
\c@biburlbigbreakpenalty=\count486
\c@biburlbreakpenalty=\count487
\c@biburlnumpenalty=\count488
\c@biburlucpenalty=\count489
\c@biburllcpenalty=\count490
\biburlbigskip=\muskip18
\biburlnumskip=\muskip19
\biburlucskip=\muskip20
\biburllcskip=\muskip21
\c@smartand=\count491
)
Package biblatex Info: Trying to load bibliography style 'numeric'...
Package biblatex Info: ... file 'numeric.bbx' found.

(/usr/share/texlive/texmf-dist/tex/latex/biblatex/bbx/numeric.bbx
File: numeric.bbx 2023/03/05 v3.19 biblatex bibliography style (PK/MW)
Package biblatex Info: Trying to load bibliography style 'standard'...
Package biblatex Info: ... file 'standard.bbx' found.

(/usr/share/texlive/texmf-dist/tex/latex/biblatex/bbx/standard.bbx
File: standard.bbx 2023/03/05 v3.19 biblatex bibliography style (PK/MW)
\c@bbx:relatedcount=\count492
\c@bbx:relatedtotal=\count493
))
Package biblatex Info: Trying to load citation style 'numeric'...
Package biblatex Info: ... file 'numeric.cbx' found.

(/usr/share/texlive/texmf-dist/tex/latex/biblatex/cbx/numeric.cbx
File: numeric.cbx 2023/03/05 v3.19 biblatex citation style (PK/MW)
Package biblatex Info: Redefining '\cite'.
Package biblatex Info: Redefining '\parencite'.
Package biblatex Info: Redefining '\footcite'.
Package biblatex Info: Redefining '\footcitetext'.
Package biblatex Info: Redefining '\smartcite'.
Package biblatex Info: Redefining '\supercite'.
Package biblatex Info: Redefining '\textcite'.
Package biblatex Info: Redefining '\textcites'.
Package biblatex Info: Redefining '\cites'.
Package biblatex Info: Redefining '\parencites'.
Package biblatex Info: Redefining '\smartcites'.
)
Package biblatex Info: Trying to load configuration file...
Package biblatex Info: ... file 'biblatex.cfg' found.

(/usr/share/texlive/texmf-dist/tex/latex/biblatex/biblatex.cfg
File: biblatex.cfg 
)
Package biblatex Info: Input encoding 'utf8' detected.
Package biblatex Info: Document encoding is UTF8 ....

(/usr/share/texlive/texmf-dist/tex/latex/l3kernel/expl3.sty
Package: expl3 2024-01-22 L3 programming layer (loader) 
)
Package biblatex Info: ... and expl3
(biblatex)             2024-01-22 L3 programming layer (loader) 
(biblatex)             is new enough (at least 2020/04/06),
(biblatex)             setting 'casechanger=expl3'.

(/usr/share/texlive/texmf-dist/tex/latex/biblatex/blx-case-expl3.sty
(/usr/share/texlive/texmf-dist/tex/latex/l3packages/xparse/xparse.sty
Package: xparse 2023-10-10 L3 Experimental document command parser
)
Package: blx-case-expl3 2023/03/05 v3.19 expl3 case changing code for biblatex
))
(/usr/share/texlive/texmf-dist/tex/latex/amsfonts/euscript.sty
Package: euscript 2009/06/22 v3.00 Euler Script fonts
LaTeX Font Info:    Overwriting math alphabet `\EuScript' in version `bold'
(Font)                  U/eus/m/n --> U/eus/b/n on input line 33.
)
(/usr/share/texlive/texmf-dist/tex/generic/pgf/frontendlayer/tikz/libraries/tik
zlibrary3d.code.tex
File: tikzlibrary3d.code.tex 2023-01-15 v3.1.10 (3.1.10)
)
(/usr/share/texlive/texmf-dist/tex/generic/pgf/frontendlayer/tikz/libraries/tik
zlibrarycalc.code.tex
File: tikzlibrarycalc.code.tex 2023-01-15 v3.1.10 (3.1.10)
)
\@quotelevel=\count494
\@quotereset=\count495
 (./main.aux

LaTeX Warning: Label `fig:enter-label' multiply defined.


LaTeX Warning: Label `fig:enter-label' multiply defined.


LaTeX Warning: Label `fig:enter-label' multiply defined.


LaTeX Warning: Label `fig:enter-label' multiply defined.


LaTeX Warning: Label `fig:enter-label' multiply defined.


LaTeX Warning: Label `fig:enter-label' multiply defined.


LaTeX Warning: Label `fig:enter-label' multiply defined.

)
\openout1 = `main.aux'.

LaTeX Font Info:    Checking defaults for OML/cmm/m/it on input line 27.
LaTeX Font Info:    ... okay on input line 27.
LaTeX Font Info:    Checking defaults for OMS/cmsy/m/n on input line 27.
LaTeX Font Info:    ... okay on input line 27.
LaTeX Font Info:    Checking defaults for OT1/cmr/m/n on input line 27.
LaTeX Font Info:    ... okay on input line 27.
LaTeX Font Info:    Checking defaults for T1/cmr/m/n on input line 27.
LaTeX Font Info:    ... okay on input line 27.
LaTeX Font Info:    Checking defaults for TS1/cmr/m/n on input line 27.
LaTeX Font Info:    ... okay on input line 27.
LaTeX Font Info:    Checking defaults for OMX/cmex/m/n on input line 27.
LaTeX Font Info:    ... okay on input line 27.
LaTeX Font Info:    Checking defaults for U/cmr/m/n on input line 27.
LaTeX Font Info:    ... okay on input line 27.
LaTeX Font Info:    Checking defaults for PD1/pdf/m/n on input line 27.
LaTeX Font Info:    ... okay on input line 27.
LaTeX Font Info:    Checking defaults for PU/pdf/m/n on input line 27.
LaTeX Font Info:    ... okay on input line 27.

*geometry* driver: auto-detecting
*geometry* detected driver: pdftex
*geometry* verbose mode - [ preamble ] result:
* driver: pdftex
* paper: custom
* layout: <same size as paper>
* layoutoffset:(h,v)=(0.0pt,0.0pt)
* modes: includehead includefoot 
* h-part:(L,W,R)=(28.45274pt, 307.28987pt, 28.45274pt)
* v-part:(T,H,B)=(0.0pt, 273.14662pt, 0.0pt)
* \paperwidth=364.19536pt
* \paperheight=273.14662pt
* \textwidth=307.28987pt
* \textheight=244.6939pt
* \oddsidemargin=-43.81725pt
* \evensidemargin=-43.81725pt
* \topmargin=-72.26999pt
* \headheight=14.22636pt
* \headsep=0.0pt
* \topskip=11.0pt
* \footskip=14.22636pt
* \marginparwidth=4.0pt
* \marginparsep=10.0pt
* \columnsep=10.0pt
* \skip\footins=10.0pt plus 4.0pt minus 2.0pt
* \hoffset=0.0pt
* \voffset=0.0pt
* \mag=1000
* \@twocolumnfalse
* \@twosidefalse
* \@mparswitchfalse
* \@reversemarginfalse
* (1in=72.27pt=25.4mm, 1cm=28.453pt)

(/usr/share/texlive/texmf-dist/tex/context/base/mkii/supp-pdf.mkii
[Loading MPS to PDF converter (version 2006.09.02).]
\scratchcounter=\count496
\scratchdimen=\dimen326
\scratchbox=\box86
\nofMPsegments=\count497
\nofMParguments=\count498
\everyMPshowfont=\toks50
\MPscratchCnt=\count499
\MPscratchDim=\dimen327
\MPnumerator=\count500
\makeMPintoPDFobject=\count501
\everyMPtoPDFconversion=\toks51
) (/usr/share/texlive/texmf-dist/tex/latex/epstopdf-pkg/epstopdf-base.sty
Package: epstopdf-base 2020-01-24 v2.11 Base part for package epstopdf
Package epstopdf-base Info: Redefining graphics rule for `.eps' on input line 4
85.

(/usr/share/texlive/texmf-dist/tex/latex/latexconfig/epstopdf-sys.cfg
File: epstopdf-sys.cfg 2010/07/13 v1.3 Configuration of (r)epstopdf for TeX Liv
e
))
Package hyperref Info: Link coloring OFF on input line 27.
\@outlinefile=\write6
\openout6 = `main.out'.

LaTeX Font Info:    Overwriting symbol font `operators' in version `normal'
(Font)                  OT1/cmr/m/n --> OT1/cmss/m/n on input line 27.
LaTeX Font Info:    Overwriting symbol font `operators' in version `bold'
(Font)                  OT1/cmr/bx/n --> OT1/cmss/b/n on input line 27.
\symnumbers=\mathgroup6
\sympureletters=\mathgroup7
LaTeX Font Info:    Overwriting math alphabet `\mathrm' in version `normal'
(Font)                  OT1/cmss/m/n --> OT1/cmr/m/n on input line 27.
LaTeX Font Info:    Redeclaring math alphabet \mathbf on input line 27.
LaTeX Font Info:    Overwriting math alphabet `\mathbf' in version `normal'
(Font)                  OT1/cmr/bx/n --> OT1/cmss/b/n on input line 27.
LaTeX Font Info:    Overwriting math alphabet `\mathbf' in version `bold'
(Font)                  OT1/cmr/bx/n --> OT1/cmss/b/n on input line 27.
LaTeX Font Info:    Redeclaring math alphabet \mathsf on input line 27.
LaTeX Font Info:    Overwriting math alphabet `\mathsf' in version `normal'
(Font)                  OT1/cmss/m/n --> OT1/cmss/m/n on input line 27.
LaTeX Font Info:    Overwriting math alphabet `\mathsf' in version `bold'
(Font)                  OT1/cmss/bx/n --> OT1/cmss/m/n on input line 27.
LaTeX Font Info:    Redeclaring math alphabet \mathit on input line 27.
LaTeX Font Info:    Overwriting math alphabet `\mathit' in version `normal'
(Font)                  OT1/cmr/m/it --> OT1/cmss/m/it on input line 27.
LaTeX Font Info:    Overwriting math alphabet `\mathit' in version `bold'
(Font)                  OT1/cmr/bx/it --> OT1/cmss/m/it on input line 27.
LaTeX Font Info:    Redeclaring math alphabet \mathtt on input line 27.
LaTeX Font Info:    Overwriting math alphabet `\mathtt' in version `normal'
(Font)                  OT1/cmtt/m/n --> OT1/cmtt/m/n on input line 27.
LaTeX Font Info:    Overwriting math alphabet `\mathtt' in version `bold'
(Font)                  OT1/cmtt/m/n --> OT1/cmtt/m/n on input line 27.
LaTeX Font Info:    Overwriting symbol font `numbers' in version `bold'
(Font)                  OT1/cmss/m/n --> OT1/cmss/b/n on input line 27.
LaTeX Font Info:    Overwriting symbol font `pureletters' in version `bold'
(Font)                  OT1/cmss/m/it --> OT1/cmss/b/it on input line 27.
LaTeX Font Info:    Overwriting math alphabet `\mathrm' in version `bold'
(Font)                  OT1/cmss/b/n --> OT1/cmr/b/n on input line 27.
LaTeX Font Info:    Overwriting math alphabet `\mathbf' in version `bold'
(Font)                  OT1/cmss/b/n --> OT1/cmss/b/n on input line 27.
LaTeX Font Info:    Overwriting math alphabet `\mathsf' in version `bold'
(Font)                  OT1/cmss/m/n --> OT1/cmss/b/n on input line 27.
LaTeX Font Info:    Overwriting math alphabet `\mathit' in version `bold'
(Font)                  OT1/cmss/m/it --> OT1/cmss/b/it on input line 27.
LaTeX Font Info:    Overwriting math alphabet `\mathtt' in version `bold'
(Font)                  OT1/cmtt/m/n --> OT1/cmtt/b/n on input line 27.
LaTeX Font Info:    Redeclaring symbol font `pureletters' on input line 27.
LaTeX Font Info:    Overwriting symbol font `pureletters' in version `normal'
(Font)                  OT1/cmss/m/it --> OT1/mathkerncmss/m/sl on input line 2
7.
LaTeX Font Info:    Overwriting symbol font `pureletters' in version `bold'
(Font)                  OT1/cmss/b/it --> OT1/mathkerncmss/m/sl on input line 2
7.
LaTeX Font Info:    Overwriting symbol font `pureletters' in version `bold'
(Font)                  OT1/mathkerncmss/m/sl --> OT1/mathkerncmss/bx/sl on inp
ut line 27.

(/usr/share/texlive/texmf-dist/tex/latex/translator/translator-basic-dictionary
-English.dict
Dictionary: translator-basic-dictionary, Language: English 
)
(/usr/share/texlive/texmf-dist/tex/latex/translator/translator-bibliography-dic
tionary-English.dict
Dictionary: translator-bibliography-dictionary, Language: English 
)
(/usr/share/texlive/texmf-dist/tex/latex/translator/translator-environment-dict
ionary-English.dict
Dictionary: translator-environment-dictionary, Language: English 
)
(/usr/share/texlive/texmf-dist/tex/latex/translator/translator-months-dictionar
y-English.dict
Dictionary: translator-months-dictionary, Language: English 
)
(/usr/share/texlive/texmf-dist/tex/latex/translator/translator-numbers-dictiona
ry-English.dict
Dictionary: translator-numbers-dictionary, Language: English 
)
(/usr/share/texlive/texmf-dist/tex/latex/translator/translator-theorem-dictiona
ry-English.dict
Dictionary: translator-theorem-dictionary, Language: English 
)
Package caption Info: Begin \AtBeginDocument code.
Package caption Info: End \AtBeginDocument code.
Package biblatex Info: Trying to load language 'english'...
Package biblatex Info: ... file 'english.lbx' found.

(/usr/share/texlive/texmf-dist/tex/latex/biblatex/lbx/english.lbx
File: english.lbx 2023/03/05 v3.19 biblatex localization (PK/MW)
)
Package biblatex Info: Input encoding 'utf8' detected.
Package biblatex Info: Automatic encoding selection.
(biblatex)             Assuming data encoding 'utf8'.
\openout5 = `main.bcf'.

Package biblatex Info: Trying to load bibliographic data...
Package biblatex Info: ... file 'main.bbl' not found.

No file main.bbl.
Package biblatex Info: Reference section=0 on input line 27.
Package biblatex Info: Reference segment=0 on input line 27.
No file main.nav.
[1

{/var/lib/texmf/fonts/map/pdftex/updmap/pdftex.map}]
No file main.toc.
[2

]
LaTeX Font Info:    Trying to load font information for U+msa on input line 61.

 (/usr/share/texlive/texmf-dist/tex/latex/amsfonts/umsa.fd
File: umsa.fd 2013/01/14 v3.01 AMS symbols A
)
LaTeX Font Info:    Trying to load font information for U+msb on input line 61.


(/usr/share/texlive/texmf-dist/tex/latex/amsfonts/umsb.fd
File: umsb.fd 2013/01/14 v3.01 AMS symbols B
)
LaTeX Font Info:    Trying to load font information for OT1+mathkerncmss on inp
ut line 61.

(/usr/share/texlive/texmf-dist/tex/latex/sansmathaccent/ot1mathkerncmss.fd
File: ot1mathkerncmss.fd 2020/01/31 Fontinst v1.933 font definitions for OT1/ma
thkerncmss.
)
LaTeX Font Info:    Font shape `OT1/cmss/b/n' in size <10.95> not available
(Font)              Font shape `OT1/cmss/bx/n' tried instead on input line 61.
LaTeX Font Info:    Font shape `OT1/cmss/b/n' in size <8> not available
(Font)              Font shape `OT1/cmss/bx/n' tried instead on input line 61.
LaTeX Font Info:    Font shape `OT1/cmss/b/n' in size <6> not available
(Font)              Font shape `OT1/cmss/bx/n' tried instead on input line 61.
LaTeX Font Info:    Trying to load font information for U+eus on input line 61.


(/usr/share/texlive/texmf-dist/tex/latex/amsfonts/ueus.fd
File: ueus.fd 2013/01/14 v3.01 Euler Script
)

LaTeX Warning: Citation 'Ballard_Kolda_2025' on page 3 undefined on input line 
61.


Underfull \vbox (badness 10000) has occurred while \output is active []

 [3

]
[4]

LaTeX Warning: Citation 'Ballard_Kolda_2025' on page 5 undefined on input line 
61.

[5

]
<images/TensorNetwork Images/VectorTensor.png, id=156, 246.9225pt x 248.93pt>
File: images/TensorNetwork Images/VectorTensor.png Graphic file (type png)
<use images/TensorNetwork Images/VectorTensor.png>
Package pdftex.def Info: images/TensorNetwork Images/VectorTensor.png  used on 
input line 81.
(pdftex.def)             Requested size: 70.55824pt x 71.13188pt.
<images/TensorNetwork Images/MatrixTensor.png, id=158, 319.1925pt x 248.93pt>
File: images/TensorNetwork Images/MatrixTensor.png Graphic file (type png)
<use images/TensorNetwork Images/MatrixTensor.png>
Package pdftex.def Info: images/TensorNetwork Images/MatrixTensor.png  used on 
input line 81.
(pdftex.def)             Requested size: 91.20946pt x 71.13188pt.
<images/TensorNetwork Images/TensorDiagram_2.png, id=159, 319.1925pt x 248.93pt
>
File: images/TensorNetwork Images/TensorDiagram_2.png Graphic file (type png)
<use images/TensorNetwork Images/TensorDiagram_2.png>
Package pdftex.def Info: images/TensorNetwork Images/TensorDiagram_2.png  used 
on input line 81.
(pdftex.def)             Requested size: 91.20946pt x 71.13188pt.
 [6

 <./images/TensorNetwork Images/VectorTensor.png> <./images/TensorNetwork Image
s/MatrixTensor.png> <./images/TensorNetwork Images/TensorDiagram_2.png>]
<images/TensorNetwork Images/MatVecContraction.png, id=191, 1085.05376pt x 262.
9825pt>
File: images/TensorNetwork Images/MatVecContraction.png Graphic file (type png)

<use images/TensorNetwork Images/MatVecContraction.png>
Package pdftex.def Info: images/TensorNetwork Images/MatVecContraction.png  use
d on input line 100.
(pdftex.def)             Requested size: 146.74083pt x 35.56593pt.
<images/TensorNetwork Images/MatMatContraction.png, id=192, 1165.35374pt x 262.
9825pt>
File: images/TensorNetwork Images/MatMatContraction.png Graphic file (type png)

<use images/TensorNetwork Images/MatMatContraction.png>
Package pdftex.def Info: images/TensorNetwork Images/MatMatContraction.png  use
d on input line 100.
(pdftex.def)             Requested size: 157.60048pt x 35.56593pt.
<images/TensorNetwork Images/TensorMatContraction.png, id=193, 892.33376pt x 24
9.93375pt>
File: images/TensorNetwork Images/TensorMatContraction.png Graphic file (type p
ng)
<use images/TensorNetwork Images/TensorMatContraction.png>
Package pdftex.def Info: images/TensorNetwork Images/TensorMatContraction.png  
used on input line 100.
(pdftex.def)             Requested size: 126.98187pt x 35.56593pt.

[7

 <./images/TensorNetwork Images/MatVecContraction.png> <./images/TensorNetwork 
Images/MatMatContraction.png> <./images/TensorNetwork Images/TensorMatContracti
on.png>]
LaTeX Font Info:    Font shape `OT1/cmss/b/n' in size <10> not available
(Font)              Font shape `OT1/cmss/bx/n' tried instead on input line 122.

LaTeX Font Info:    Font shape `OT1/cmss/b/n' in size <7> not available
(Font)              Font shape `OT1/cmss/bx/n' tried instead on input line 122.

LaTeX Font Info:    Font shape `OT1/cmss/b/n' in size <5> not available
(Font)              Font shape `OT1/cmss/bx/n' tried instead on input line 122.

<images/Misc/TensorTrain.png, id=225, 2112.89375pt x 556.0775pt>
File: images/Misc/TensorTrain.png Graphic file (type png)
<use images/Misc/TensorTrain.png>
Package pdftex.def Info: images/Misc/TensorTrain.png  used on input line 122.
(pdftex.def)             Requested size: 276.559pt x 72.78474pt.


LaTeX Warning: Citation 'Ballard_Kolda_2025' on page 8 undefined on input line 
122.

[8

 <./images/Misc/TensorTrain.png>]
File: images/Misc/TensorTrain.png Graphic file (type png)
<use images/Misc/TensorTrain.png>
Package pdftex.def Info: images/Misc/TensorTrain.png  used on input line 122.
(pdftex.def)             Requested size: 276.559pt x 72.78474pt.


LaTeX Warning: Citation 'Ballard_Kolda_2025' on page 9 undefined on input line 
122.

[9

]
File: images/Misc/TensorTrain.png Graphic file (type png)
<use images/Misc/TensorTrain.png>
Package pdftex.def Info: images/Misc/TensorTrain.png  used on input line 122.
(pdftex.def)             Requested size: 276.559pt x 72.78474pt.


LaTeX Warning: Citation 'Ballard_Kolda_2025' on page 10 undefined on input line
 122.

[10

]
<images/Misc/MPS_Closer2.png, id=312, 1665.22125pt x 772.38562pt>
File: images/Misc/MPS_Closer2.png Graphic file (type png)
<use images/Misc/MPS_Closer2.png>
Package pdftex.def Info: images/Misc/MPS_Closer2.png  used on input line 141.
(pdftex.def)             Requested size: 169.01036pt x 78.38629pt.
<images/Misc/MPS_element_2.png, id=313, 1611.01875pt x 763.35187pt>
File: images/Misc/MPS_element_2.png Graphic file (type png)
<use images/Misc/MPS_element_2.png>
Package pdftex.def Info: images/Misc/MPS_element_2.png  used on input line 141.

(pdftex.def)             Requested size: 169.01036pt x 80.0786pt.


LaTeX Warning: Citation 'Ballard_Kolda_2025' on page 11 undefined on input line
 141.

[11

 <./images/Misc/MPS_Closer2.png (PNG copy)> <./images/Misc/MPS_element_2.png (P
NG copy)>]
File: images/Misc/MPS_Closer2.png Graphic file (type png)
<use images/Misc/MPS_Closer2.png>
Package pdftex.def Info: images/Misc/MPS_Closer2.png  used on input line 141.
(pdftex.def)             Requested size: 169.01036pt x 78.38629pt.
File: images/Misc/MPS_element_2.png Graphic file (type png)
<use images/Misc/MPS_element_2.png>
Package pdftex.def Info: images/Misc/MPS_element_2.png  used on input line 141.

(pdftex.def)             Requested size: 169.01036pt x 80.0786pt.


LaTeX Warning: Citation 'Ballard_Kolda_2025' on page 12 undefined on input line
 141.

[12

]
<images/General Tensor Diagrams/MPS_diagram.png, id=369, 1352.80406pt x 338.012
82pt>
File: images/General Tensor Diagrams/MPS_diagram.png Graphic file (type png)
<use images/General Tensor Diagrams/MPS_diagram.png>
Package pdftex.def Info: images/General Tensor Diagrams/MPS_diagram.png  used o
n input line 156.
(pdftex.def)             Requested size: 276.559pt x 69.10223pt.
 [13

 <./images/General Tensor Diagrams/MPS_diagram.png (PNG copy)>]
<images/General Tensor Diagrams/M_tensor_2.png, id=400, 403.5075pt x 410.2828pt
>
File: images/General Tensor Diagrams/M_tensor_2.png Graphic file (type png)
<use images/General Tensor Diagrams/M_tensor_2.png>
Package pdftex.def Info: images/General Tensor Diagrams/M_tensor_2.png  used on
 input line 212.
(pdftex.def)             Requested size: 58.02376pt x 59.0016pt.
<images/General Tensor Diagrams/A_tensor.png, id=401, 401.24907pt x 389.20406pt
>
File: images/General Tensor Diagrams/A_tensor.png Graphic file (type png)
<use images/General Tensor Diagrams/A_tensor.png>
Package pdftex.def Info: images/General Tensor Diagrams/A_tensor.png  used on i
nput line 212.
(pdftex.def)             Requested size: 60.82762pt x 59.0016pt.
<images/General Tensor Diagrams/B_tensor.png, id=402, 411.78844pt x 389.20406pt
>
File: images/General Tensor Diagrams/B_tensor.png Graphic file (type png)
<use images/General Tensor Diagrams/B_tensor.png>
Package pdftex.def Info: images/General Tensor Diagrams/B_tensor.png  used on i
nput line 212.
(pdftex.def)             Requested size: 62.42534pt x 59.0016pt.
<images/MPS Orthogonality/L_ortho.png, id=403, 850.67813pt x 537.50812pt>
File: images/MPS Orthogonality/L_ortho.png Graphic file (type png)
<use images/MPS Orthogonality/L_ortho.png>
Package pdftex.def Info: images/MPS Orthogonality/L_ortho.png  used on input li
ne 212.
(pdftex.def)             Requested size: 138.2795pt x 87.37273pt.

Overfull \hbox (11.0pt too wide) in paragraph at lines 212--212
 [][] 
 []

<images/MPS Orthogonality/Right_ortho.png, id=404, 855.195pt x 518.6878pt>
File: images/MPS Orthogonality/Right_ortho.png Graphic file (type png)
<use images/MPS Orthogonality/Right_ortho.png>
Package pdftex.def Info: images/MPS Orthogonality/Right_ortho.png  used on inpu
t line 212.
(pdftex.def)             Requested size: 138.2795pt x 83.86234pt.

Overfull \hbox (11.0pt too wide) in paragraph at lines 212--212
 [][] 
 []


LaTeX Warning: Citation 'PAECKEL2019167998' on page 14 undefined on input line 
212.

[14


pdfTeX warning (ext4): destination with the same identifier (name{fig:enter-lab
el}) has been already used, duplicate ignored
<argument> ...shipout:D \box_use:N \l_shipout_box 
                                                  \__shipout_drop_firstpage_...
l.212 \end{frame}
                  <./images/General Tensor Diagrams/M_tensor_2.png (PNG copy)> 
<./images/General Tensor Diagrams/A_tensor.png (PNG copy)> <./images/General Te
nsor Diagrams/B_tensor.png (PNG copy)> <./images/MPS Orthogonality/L_ortho.png 
(PNG copy)> <./images/MPS Orthogonality/Right_ortho.png (PNG copy)>]
File: images/General Tensor Diagrams/M_tensor_2.png Graphic file (type png)
<use images/General Tensor Diagrams/M_tensor_2.png>
Package pdftex.def Info: images/General Tensor Diagrams/M_tensor_2.png  used on
 input line 212.
(pdftex.def)             Requested size: 58.02376pt x 59.0016pt.
File: images/General Tensor Diagrams/A_tensor.png Graphic file (type png)
<use images/General Tensor Diagrams/A_tensor.png>
Package pdftex.def Info: images/General Tensor Diagrams/A_tensor.png  used on i
nput line 212.
(pdftex.def)             Requested size: 60.82762pt x 59.0016pt.
File: images/General Tensor Diagrams/B_tensor.png Graphic file (type png)
<use images/General Tensor Diagrams/B_tensor.png>
Package pdftex.def Info: images/General Tensor Diagrams/B_tensor.png  used on i
nput line 212.
(pdftex.def)             Requested size: 62.42534pt x 59.0016pt.
File: images/MPS Orthogonality/L_ortho.png Graphic file (type png)
<use images/MPS Orthogonality/L_ortho.png>
Package pdftex.def Info: images/MPS Orthogonality/L_ortho.png  used on input li
ne 212.
(pdftex.def)             Requested size: 138.2795pt x 87.37273pt.

Overfull \hbox (11.0pt too wide) in paragraph at lines 212--212
 [][] 
 []

File: images/MPS Orthogonality/Right_ortho.png Graphic file (type png)
<use images/MPS Orthogonality/Right_ortho.png>
Package pdftex.def Info: images/MPS Orthogonality/Right_ortho.png  used on inpu
t line 212.
(pdftex.def)             Requested size: 138.2795pt x 83.86234pt.

Overfull \hbox (11.0pt too wide) in paragraph at lines 212--212
 [][] 
 []


LaTeX Warning: Citation 'PAECKEL2019167998' on page 15 undefined on input line 
212.

[15

]
<images/MPS Orthogonality/L_canonical_short.png, id=461, 2043.635pt x 261.97874
pt>
File: images/MPS Orthogonality/L_canonical_short.png Graphic file (type png)
<use images/MPS Orthogonality/L_canonical_short.png>
Package pdftex.def Info: images/MPS Orthogonality/L_canonical_short.png  used o
n input line 244.
(pdftex.def)             Requested size: 228.31271pt x 29.26546pt.

Overfull \hbox (21.90005pt too wide) in paragraph at lines 244--244
[][]
 []


Underfull \hbox (badness 10000) in paragraph at lines 244--244

 []


pdfTeX warning (ext4): destination with the same identifier (name{fig:enter-lab
el}) has been already used, duplicate ignored
<to be read again> 
                   \relax 
l.244 \end{frame}
                 
<images/MPS Orthogonality/Right_canonical.png, id=462, 2043.88594pt x 258.21469
pt>
File: images/MPS Orthogonality/Right_canonical.png Graphic file (type png)
<use images/MPS Orthogonality/Right_canonical.png>
Package pdftex.def Info: images/MPS Orthogonality/Right_canonical.png  used on 
input line 244.
(pdftex.def)             Requested size: 228.31271pt x 28.84103pt.

Overfull \hbox (21.90005pt too wide) in paragraph at lines 244--244
[][]
 []


Underfull \hbox (badness 10000) in paragraph at lines 244--244

 []


pdfTeX warning (ext4): destination with the same identifier (name{fig:enter-lab
el}) has been already used, duplicate ignored
<to be read again> 
                   \relax 
l.244 \end{frame}
                 
<images/MPS Orthogonality/M_canonical_short.png, id=463, 2012.51875pt x 265.993
74pt>
File: images/MPS Orthogonality/M_canonical_short.png Graphic file (type png)
<use images/MPS Orthogonality/M_canonical_short.png>
Package pdftex.def Info: images/MPS Orthogonality/M_canonical_short.png  used o
n input line 244.
(pdftex.def)             Requested size: 228.31271pt x 30.1726pt.

Overfull \hbox (21.90005pt too wide) in paragraph at lines 244--244
[][]
 []


Underfull \hbox (badness 10000) in paragraph at lines 244--244

 []


LaTeX Warning: Citation 'SCHOLLWOCK201196' on page 16 undefined on input line 2
44.


Overfull \vbox (37.0pt too high) detected at line 244
 []

[16

 <./images/MPS Orthogonality/L_canonical_short.png (PNG copy)> <./images/MPS Or
thogonality/Right_canonical.png (PNG copy)> <./images/MPS Orthogonality/M_canon
ical_short.png (PNG copy)>]
File: images/MPS Orthogonality/L_canonical_short.png Graphic file (type png)
<use images/MPS Orthogonality/L_canonical_short.png>
Package pdftex.def Info: images/MPS Orthogonality/L_canonical_short.png  used o
n input line 244.
(pdftex.def)             Requested size: 228.31271pt x 29.26546pt.

Overfull \hbox (21.90005pt too wide) in paragraph at lines 244--244
[][]
 []


Underfull \hbox (badness 10000) in paragraph at lines 244--244

 []

File: images/MPS Orthogonality/Right_canonical.png Graphic file (type png)
<use images/MPS Orthogonality/Right_canonical.png>
Package pdftex.def Info: images/MPS Orthogonality/Right_canonical.png  used on 
input line 244.
(pdftex.def)             Requested size: 228.31271pt x 28.84103pt.

Overfull \hbox (21.90005pt too wide) in paragraph at lines 244--244
[][]
 []


Underfull \hbox (badness 10000) in paragraph at lines 244--244

 []

File: images/MPS Orthogonality/M_canonical_short.png Graphic file (type png)
<use images/MPS Orthogonality/M_canonical_short.png>
Package pdftex.def Info: images/MPS Orthogonality/M_canonical_short.png  used o
n input line 244.
(pdftex.def)             Requested size: 228.31271pt x 30.1726pt.

Overfull \hbox (21.90005pt too wide) in paragraph at lines 244--244
[][]
 []


Underfull \hbox (badness 10000) in paragraph at lines 244--244

 []


LaTeX Warning: Citation 'SCHOLLWOCK201196' on page 17 undefined on input line 2
44.


Overfull \vbox (37.0pt too high) detected at line 244
 []

[17

]
File: images/MPS Orthogonality/L_canonical_short.png Graphic file (type png)
<use images/MPS Orthogonality/L_canonical_short.png>
Package pdftex.def Info: images/MPS Orthogonality/L_canonical_short.png  used o
n input line 244.
(pdftex.def)             Requested size: 228.31271pt x 29.26546pt.

Overfull \hbox (21.90005pt too wide) in paragraph at lines 244--244
[][]
 []


Underfull \hbox (badness 10000) in paragraph at lines 244--244

 []

File: images/MPS Orthogonality/Right_canonical.png Graphic file (type png)
<use images/MPS Orthogonality/Right_canonical.png>
Package pdftex.def Info: images/MPS Orthogonality/Right_canonical.png  used on 
input line 244.
(pdftex.def)             Requested size: 228.31271pt x 28.84103pt.

Overfull \hbox (21.90005pt too wide) in paragraph at lines 244--244
[][]
 []


Underfull \hbox (badness 10000) in paragraph at lines 244--244

 []

File: images/MPS Orthogonality/M_canonical_short.png Graphic file (type png)
<use images/MPS Orthogonality/M_canonical_short.png>
Package pdftex.def Info: images/MPS Orthogonality/M_canonical_short.png  used o
n input line 244.
(pdftex.def)             Requested size: 228.31271pt x 30.1726pt.

Overfull \hbox (21.90005pt too wide) in paragraph at lines 244--244
[][]
 []


Underfull \hbox (badness 10000) in paragraph at lines 244--244

 []


LaTeX Warning: Citation 'SCHOLLWOCK201196' on page 18 undefined on input line 2
44.


Overfull \vbox (37.0pt too high) detected at line 244
 []

[18

]
<images/MPS Orthogonality/MPS_IP.png, id=548, 2013.02063pt x 640.64343pt>
File: images/MPS Orthogonality/MPS_IP.png Graphic file (type png)
<use images/MPS Orthogonality/MPS_IP.png>
Package pdftex.def Info: images/MPS Orthogonality/MPS_IP.png  used on input lin
e 264.
(pdftex.def)             Requested size: 245.83282pt x 78.23267pt.

pdfTeX warning (ext4): destination with the same identifier (name{fig:enter-lab
el}) has been already used, duplicate ignored
<to be read again> 
                   \relax 
l.264 \end{frame}
                 
<images/MPS Orthogonality/MPS_IP_2.png, id=549, 333.49594pt x 638.385pt>
File: images/MPS Orthogonality/MPS_IP_2.png Graphic file (type png)
<use images/MPS Orthogonality/MPS_IP_2.png>
Package pdftex.def Info: images/MPS Orthogonality/MPS_IP_2.png  used on input l
ine 264.
(pdftex.def)             Requested size: 38.68452pt x 74.05075pt.

pdfTeX warning (ext4): destination with the same identifier (name{fig:enter-lab
el}) has been already used, duplicate ignored
<to be read again> 
                   \relax 
l.264 \end{frame}
                 

LaTeX Warning: Citation 'PAECKEL2019167998' on page 19 undefined on input line 
264.


Overfull \vbox (30.05473pt too high) detected at line 264
 []

[19

 <./images/MPS Orthogonality/MPS_IP.png (PNG copy)> <./images/MPS Orthogonality
/MPS_IP_2.png (PNG copy)>]
File: images/MPS Orthogonality/MPS_IP.png Graphic file (type png)
<use images/MPS Orthogonality/MPS_IP.png>
Package pdftex.def Info: images/MPS Orthogonality/MPS_IP.png  used on input lin
e 264.
(pdftex.def)             Requested size: 245.83282pt x 78.23267pt.
File: images/MPS Orthogonality/MPS_IP_2.png Graphic file (type png)
<use images/MPS Orthogonality/MPS_IP_2.png>
Package pdftex.def Info: images/MPS Orthogonality/MPS_IP_2.png  used on input l
ine 264.
(pdftex.def)             Requested size: 38.68452pt x 74.05075pt.


LaTeX Warning: Citation 'PAECKEL2019167998' on page 20 undefined on input line 
264.


Overfull \vbox (30.05473pt too high) detected at line 264
 []

[20

]
<images/MPS Creation/MPS_beginning.png, id=604, 670.75594pt x 374.90062pt>
File: images/MPS Creation/MPS_beginning.png Graphic file (type png)
<use images/MPS Creation/MPS_beginning.png>
Package pdftex.def Info: images/MPS Creation/MPS_beginning.png  used on input l
ine 273.
(pdftex.def)             Requested size: 307.28987pt x 171.74702pt.
 [21

 <./images/MPS Creation/MPS_beginning.png (PNG copy)>]
<images/MPS Creation/MPS_Step2_QR.png, id=631, 668.4975pt x 471.26062pt>
File: images/MPS Creation/MPS_Step2_QR.png Graphic file (type png)
<use images/MPS Creation/MPS_Step2_QR.png>
Package pdftex.def Info: images/MPS Creation/MPS_Step2_QR.png  used on input li
ne 273.
(pdftex.def)             Requested size: 307.28987pt x 216.6315pt.
 [22

 <./images/MPS Creation/MPS_Step2_QR.png (PNG copy)>]
<images/MPS Creation/MPS_FinalStep_QR.png, id=658, 672.26157pt x 459.21562pt>
File: images/MPS Creation/MPS_FinalStep_QR.png Graphic file (type png)
<use images/MPS Creation/MPS_FinalStep_QR.png>
Package pdftex.def Info: images/MPS Creation/MPS_FinalStep_QR.png  used on inpu
t line 273.
(pdftex.def)             Requested size: 307.28987pt x 209.9034pt.
 [23

 <./images/MPS Creation/MPS_FinalStep_QR.png (PNG copy)>]

LaTeX Warning: Citation 'SCHOLLWOCK201196' on page 24 undefined on input line 2
98.

[24

]

LaTeX Warning: Citation 'SCHOLLWOCK201196' on page 25 undefined on input line 2
98.

[25

]

LaTeX Warning: Citation 'SCHOLLWOCK201196' on page 26 undefined on input line 2
98.

[26

]
<images/Misc/total_scale.png, id=765, 602.25pt x 401.5pt>
File: images/Misc/total_scale.png Graphic file (type png)
<use images/Misc/total_scale.png>
Package pdftex.def Info: images/Misc/total_scale.png  used on input line 312.
(pdftex.def)             Requested size: 245.83282pt x 163.88701pt.
 [27

 <./images/Misc/total_scale.png>]

LaTeX Warning: Citation 'SCHOLLWOCK201196' on page 28 undefined on input line 3
28.

[28

]
<images/Truncate/Truncate1.png, id=820, 819.8128pt x 437.38406pt>
File: images/Truncate/Truncate1.png Graphic file (type png)
<use images/Truncate/Truncate1.png>
Package pdftex.def Info: images/Truncate/Truncate1.png  used on input line 345.

(pdftex.def)             Requested size: 291.92444pt x 155.7496pt.
 [29

 <./images/Truncate/Truncate1.png (PNG copy)>]
<images/Truncate/Truncate2_USV_2.png, id=847, 1062.21844pt x 520.19344pt>
File: images/Truncate/Truncate2_USV_2.png Graphic file (type png)
<use images/Truncate/Truncate2_USV_2.png>
Package pdftex.def Info: images/Truncate/Truncate2_USV_2.png  used on input lin
e 345.
(pdftex.def)             Requested size: 291.92444pt x 142.96234pt.
 [30

 <./images/Truncate/Truncate2_USV_2.png (PNG copy)>]
<images/Truncate/Truncate3_USV_2.png, id=874, 1062.21844pt x 508.14844pt>
File: images/Truncate/Truncate3_USV_2.png Graphic file (type png)
<use images/Truncate/Truncate3_USV_2.png>
Package pdftex.def Info: images/Truncate/Truncate3_USV_2.png  used on input lin
e 345.
(pdftex.def)             Requested size: 291.92444pt x 139.65207pt.
 [31

 <./images/Truncate/Truncate3_USV_2.png (PNG copy)>]
<images/Truncate/Truncate4.png, id=902, 807.7678pt x 443.40656pt>
File: images/Truncate/Truncate4.png Graphic file (type png)
<use images/Truncate/Truncate4.png>
Package pdftex.def Info: images/Truncate/Truncate4.png  used on input line 345.

(pdftex.def)             Requested size: 291.92444pt x 160.24869pt.
 [32

 <./images/Truncate/Truncate4.png (PNG copy)>]
<images/Truncate/Truncate5_USV_2.png, id=930, 1070.49937pt x 520.19344pt>
File: images/Truncate/Truncate5_USV_2.png Graphic file (type png)
<use images/Truncate/Truncate5_USV_2.png>
Package pdftex.def Info: images/Truncate/Truncate5_USV_2.png  used on input lin
e 345.
(pdftex.def)             Requested size: 291.92444pt x 141.85904pt.
 [33

 <./images/Truncate/Truncate5_USV_2.png (PNG copy)>]
<images/Truncate/Truncate6_USV_2.png, id=957, 1070.49937pt x 503.63156pt>
File: images/Truncate/Truncate6_USV_2.png Graphic file (type png)
<use images/Truncate/Truncate6_USV_2.png>
Package pdftex.def Info: images/Truncate/Truncate6_USV_2.png  used on input lin
e 345.
(pdftex.def)             Requested size: 291.92444pt x 137.34254pt.
 [34

 <./images/Truncate/Truncate6_USV_2.png (PNG copy)>]
<images/Truncate/Truncate7.png, id=984, 672.26157pt x 434.37282pt>
File: images/Truncate/Truncate7.png Graphic file (type png)
<use images/Truncate/Truncate7.png>
Package pdftex.def Info: images/Truncate/Truncate7.png  used on input line 345.

(pdftex.def)             Requested size: 291.92444pt x 188.61925pt.
 [35

 <./images/Truncate/Truncate7.png (PNG copy)>]
<images/General Tensor Diagrams/MPO_2.png, id=1011, 1005.7575pt x 398.23781pt>
File: images/General Tensor Diagrams/MPO_2.png Graphic file (type png)
<use images/General Tensor Diagrams/MPO_2.png>
Package pdftex.def Info: images/General Tensor Diagrams/MPO_2.png  used on inpu
t line 361.
(pdftex.def)             Requested size: 199.73653pt x 79.0871pt.


LaTeX Warning: Citation 'SCHOLLWOCK201196' on page 36 undefined on input line 3
61.

[36

 <./images/General Tensor Diagrams/MPO_2.png (PNG copy)>]

LaTeX Warning: Citation 'SCHOLLWOCK201196' on page 37 undefined on input line 3
81.

[37

]
No file main.toc.
[38

]
Underfull \hbox (badness 1742) in paragraph at lines 414--414
[]|\OT1/cmss/m/n/10 Allows long-range Hamil-
 []


Underfull \hbox (badness 2538) in paragraph at lines 414--414
\OT1/cmss/m/n/10 to-ni-ans, typ-i-cally smaller
 []


Underfull \hbox (badness 10000) in paragraph at lines 414--414
\OT1/cmss/m/n/10 bond di-men-sion than
 []


Underfull \hbox (badness 10000) in paragraph at lines 414--414
[]|\OT1/cmss/m/n/10 Krylov
 []


Underfull \hbox (badness 10000) in paragraph at lines 414--414
[]|\OT1/cmss/m/n/10 Allows bond di-men-sion
 []


LaTeX Warning: Citation 'PAECKEL2019167998' on page 39 undefined on input line 
414.


Overfull \hbox (14.83765pt too wide) in paragraph at lines 414--414
[][] 
 []

[39

]
<images/Misc/Manifold.png, id=1119, 1446.40375pt x 821.0675pt>
File: images/Misc/Manifold.png Graphic file (type png)
<use images/Misc/Manifold.png>
Package pdftex.def Info: images/Misc/Manifold.png  used on input line 426.
(pdftex.def)             Requested size: 245.83282pt x 139.54204pt.


LaTeX Warning: Citation 'PhysRevLett.107.070601' on page 40 undefined on input 
line 426.

[40

 <./images/Misc/Manifold.png>]

LaTeX Warning: Citation 'PhysRevLett.107.070601' on page 41 undefined on input 
line 455.

[41

{/usr/share/texmf/fonts/enc/dvips/cm-super/cm-super-t1.enc}]

LaTeX Warning: Citation 'PhysRevLett.107.070601' on page 42 undefined on input 
line 455.

[42

]

LaTeX Warning: Citation 'PhysRevLett.107.070601' on page 43 undefined on input 
line 455.

[43

]
<images/Effective_Hamiltonians/1Site_Eff.png, id=1230, 711.4078pt x 520.19344pt
>
File: images/Effective_Hamiltonians/1Site_Eff.png Graphic file (type png)
<use images/Effective_Hamiltonians/1Site_Eff.png>
Package pdftex.def Info: images/Effective_Hamiltonians/1Site_Eff.png  used on i
nput line 462.
(pdftex.def)             Requested size: 276.559pt x 202.23167pt.
 [44

 <./images/Effective_Hamiltonians/1Site_Eff.png (PNG copy)>]
<images/Effective_Hamiltonians/0Site_Eff.png, id=1259, 907.89188pt x 520.19344p
t>
File: images/Effective_Hamiltonians/0Site_Eff.png Graphic file (type png)
<use images/Effective_Hamiltonians/0Site_Eff.png>
Package pdftex.def Info: images/Effective_Hamiltonians/0Site_Eff.png  used on i
nput line 462.
(pdftex.def)             Requested size: 276.559pt x 158.45634pt.
 [45

 <./images/Effective_Hamiltonians/0Site_Eff.png (PNG copy)>]
<images/TDVP Evolution Tensor/TDVP_Tensor_1.png, id=1286, 819.8128pt x 437.3840
6pt>
File: images/TDVP Evolution Tensor/TDVP_Tensor_1.png Graphic file (type png)
<use images/TDVP Evolution Tensor/TDVP_Tensor_1.png>
Package pdftex.def Info: images/TDVP Evolution Tensor/TDVP_Tensor_1.png  used o
n input line 476.
(pdftex.def)             Requested size: 291.92444pt x 155.7496pt.
 [46

 <./images/TDVP Evolution Tensor/TDVP_Tensor_1.png (PNG copy)>]
<images/TDVP Evolution Tensor/TDVP_Tensor_2.png, id=1313, 819.8128pt x 437.3840
6pt>
File: images/TDVP Evolution Tensor/TDVP_Tensor_2.png Graphic file (type png)
<use images/TDVP Evolution Tensor/TDVP_Tensor_2.png>
Package pdftex.def Info: images/TDVP Evolution Tensor/TDVP_Tensor_2.png  used o
n input line 476.
(pdftex.def)             Requested size: 291.92444pt x 155.7496pt.
 [47

 <./images/TDVP Evolution Tensor/TDVP_Tensor_2.png (PNG copy)>]
<images/TDVP Evolution Tensor/TDVP_Tensor_3.png, id=1340, 807.7678pt x 434.3728
2pt>
File: images/TDVP Evolution Tensor/TDVP_Tensor_3.png Graphic file (type png)
<use images/TDVP Evolution Tensor/TDVP_Tensor_3.png>
Package pdftex.def Info: images/TDVP Evolution Tensor/TDVP_Tensor_3.png  used o
n input line 476.
(pdftex.def)             Requested size: 291.92444pt x 156.98386pt.
 [48

 <./images/TDVP Evolution Tensor/TDVP_Tensor_3.png (PNG copy)>]
<images/TDVP Evolution Tensor/TDVP_Tensor_4.png, id=1368, 807.7678pt x 434.3728
2pt>
File: images/TDVP Evolution Tensor/TDVP_Tensor_4.png Graphic file (type png)
<use images/TDVP Evolution Tensor/TDVP_Tensor_4.png>
Package pdftex.def Info: images/TDVP Evolution Tensor/TDVP_Tensor_4.png  used o
n input line 476.
(pdftex.def)             Requested size: 291.92444pt x 156.98386pt.
 [49

 <./images/TDVP Evolution Tensor/TDVP_Tensor_4.png (PNG copy)>]
<images/TDVP Evolution Tensor/TDVP_Tensor_5.png, id=1396, 807.7678pt x 443.4065
6pt>
File: images/TDVP Evolution Tensor/TDVP_Tensor_5.png Graphic file (type png)
<use images/TDVP Evolution Tensor/TDVP_Tensor_5.png>
Package pdftex.def Info: images/TDVP Evolution Tensor/TDVP_Tensor_5.png  used o
n input line 476.
(pdftex.def)             Requested size: 291.92444pt x 160.24869pt.
 [50

 <./images/TDVP Evolution Tensor/TDVP_Tensor_5.png (PNG copy)>]
<images/TDVP Evolution Tensor/TDVP_Tensor_6.png, id=1423, 807.7678pt x 434.3728
2pt>
File: images/TDVP Evolution Tensor/TDVP_Tensor_6.png Graphic file (type png)
<use images/TDVP Evolution Tensor/TDVP_Tensor_6.png>
Package pdftex.def Info: images/TDVP Evolution Tensor/TDVP_Tensor_6.png  used o
n input line 476.
(pdftex.def)             Requested size: 291.92444pt x 156.98386pt.

[51

 <./images/TDVP Evolution Tensor/TDVP_Tensor_6.png (PNG copy)>]
<images/TDVP Evolution Tensor/TDVP_Tensor_7.png, id=1450, 807.7678pt x 434.3728
2pt>
File: images/TDVP Evolution Tensor/TDVP_Tensor_7.png Graphic file (type png)
<use images/TDVP Evolution Tensor/TDVP_Tensor_7.png>
Package pdftex.def Info: images/TDVP Evolution Tensor/TDVP_Tensor_7.png  used o
n input line 476.
(pdftex.def)             Requested size: 291.92444pt x 156.98386pt.
 [52

 <./images/TDVP Evolution Tensor/TDVP_Tensor_7.png (PNG copy)>]
<images/TDVP Evolution Tensor/TDVP_Tensor_8.png, id=1478, 807.7678pt x 434.3728
2pt>
File: images/TDVP Evolution Tensor/TDVP_Tensor_8.png Graphic file (type png)
<use images/TDVP Evolution Tensor/TDVP_Tensor_8.png>
Package pdftex.def Info: images/TDVP Evolution Tensor/TDVP_Tensor_8.png  used o
n input line 476.
(pdftex.def)             Requested size: 291.92444pt x 156.98386pt.
 [53

 <./images/TDVP Evolution Tensor/TDVP_Tensor_8.png (PNG copy)>]
<images/TDVP Evolution Tensor/TDVP_Tensor_9.png, id=1505, 819.8128pt x 434.3728
2pt>
File: images/TDVP Evolution Tensor/TDVP_Tensor_9.png Graphic file (type png)
<use images/TDVP Evolution Tensor/TDVP_Tensor_9.png>
Package pdftex.def Info: images/TDVP Evolution Tensor/TDVP_Tensor_9.png  used o
n input line 476.
(pdftex.def)             Requested size: 291.92444pt x 154.67732pt.
 [54

 <./images/TDVP Evolution Tensor/TDVP_Tensor_9.png (PNG copy)>]
<images/TDVP Evolution Tensor/TDVP_Tensor_10.png, id=1532, 819.8128pt x 434.372
82pt>
File: images/TDVP Evolution Tensor/TDVP_Tensor_10.png Graphic file (type png)
<use images/TDVP Evolution Tensor/TDVP_Tensor_10.png>
Package pdftex.def Info: images/TDVP Evolution Tensor/TDVP_Tensor_10.png  used 
on input line 476.
(pdftex.def)             Requested size: 291.92444pt x 154.67732pt.
 [55

 <./images/TDVP Evolution Tensor/TDVP_Tensor_10.png (PNG copy)>] [56

] [57

]
<images/TDVP_Evolution/TDVP_EvolutionBD4_2.png, id=1614, 2007.5pt x 1505.625pt>

File: images/TDVP_Evolution/TDVP_EvolutionBD4_2.png Graphic file (type png)
<use images/TDVP_Evolution/TDVP_EvolutionBD4_2.png>
Package pdftex.def Info: images/TDVP_Evolution/TDVP_EvolutionBD4_2.png  used on
 input line 498.
(pdftex.def)             Requested size: 276.559pt x 207.40889pt.
 [58

 <./images/TDVP_Evolution/TDVP_EvolutionBD4_2.png>]
<images/TDVP_Evolution/TDVP_EvolutionBD3_2.png, id=1641, 2007.5pt x 1505.625pt>

File: images/TDVP_Evolution/TDVP_EvolutionBD3_2.png Graphic file (type png)
<use images/TDVP_Evolution/TDVP_EvolutionBD3_2.png>
Package pdftex.def Info: images/TDVP_Evolution/TDVP_EvolutionBD3_2.png  used on
 input line 498.
(pdftex.def)             Requested size: 276.559pt x 207.40889pt.
 [59

 <./images/TDVP_Evolution/TDVP_EvolutionBD3_2.png>]
<images/TDVP_Evolution/TDVP_EvolutionBD2_2.png, id=1668, 2007.5pt x 1505.625pt>

File: images/TDVP_Evolution/TDVP_EvolutionBD2_2.png Graphic file (type png)
<use images/TDVP_Evolution/TDVP_EvolutionBD2_2.png>
Package pdftex.def Info: images/TDVP_Evolution/TDVP_EvolutionBD2_2.png  used on
 input line 498.
(pdftex.def)             Requested size: 276.559pt x 207.40889pt.
 [60

 <./images/TDVP_Evolution/TDVP_EvolutionBD2_2.png>]
<images/TDVP_Evolution/TDVP_EvolutionBD1_2.png, id=1696, 2007.5pt x 1505.625pt>

File: images/TDVP_Evolution/TDVP_EvolutionBD1_2.png Graphic file (type png)
<use images/TDVP_Evolution/TDVP_EvolutionBD1_2.png>
Package pdftex.def Info: images/TDVP_Evolution/TDVP_EvolutionBD1_2.png  used on
 input line 498.
(pdftex.def)             Requested size: 276.559pt x 207.40889pt.
 [61

 <./images/TDVP_Evolution/TDVP_EvolutionBD1_2.png>]

LaTeX Warning: Citation 'PhysRevLett.107.070601' on page 62 undefined on input 
line 529.


Overfull \vbox (8.59181pt too high) detected at line 529
 []

[62

]

LaTeX Warning: Citation 'PhysRevLett.107.070601' on page 63 undefined on input 
line 529.


Overfull \vbox (8.59181pt too high) detected at line 529
 []

[63

]

LaTeX Warning: Citation 'PhysRevLett.107.070601' on page 64 undefined on input 
line 529.


Overfull \vbox (8.59181pt too high) detected at line 529
 []

[64

]
<images/Effective_Hamiltonians/2Site_Eff.png, id=1803, 711.4078pt x 520.19344pt
>
File: images/Effective_Hamiltonians/2Site_Eff.png Graphic file (type png)
<use images/Effective_Hamiltonians/2Site_Eff.png>
Package pdftex.def Info: images/Effective_Hamiltonians/2Site_Eff.png  used on i
nput line 539.
(pdftex.def)             Requested size: 215.10196pt x 157.28954pt.
 [65

 <./images/Effective_Hamiltonians/2Site_Eff.png (PNG copy)>]
<images/TDVP2 Tensor Diagram/TDVP2_Tensor_1.png, id=1831, 819.8128pt x 437.3840
6pt>
File: images/TDVP2 Tensor Diagram/TDVP2_Tensor_1.png Graphic file (type png)
<use images/TDVP2 Tensor Diagram/TDVP2_Tensor_1.png>
Package pdftex.def Info: images/TDVP2 Tensor Diagram/TDVP2_Tensor_1.png  used o
n input line 550.
(pdftex.def)             Requested size: 291.92444pt x 155.7496pt.
 [66

 <./images/TDVP2 Tensor Diagram/TDVP2_Tensor_1.png (PNG copy)>]
<images/TDVP2 Tensor Diagram/TDVP2_Tensor_2.png, id=1858, 819.8128pt x 469.755p
t>
File: images/TDVP2 Tensor Diagram/TDVP2_Tensor_2.png Graphic file (type png)
<use images/TDVP2 Tensor Diagram/TDVP2_Tensor_2.png>
Package pdftex.def Info: images/TDVP2 Tensor Diagram/TDVP2_Tensor_2.png  used o
n input line 550.
(pdftex.def)             Requested size: 291.92444pt x 167.27669pt.
 [67

 <./images/TDVP2 Tensor Diagram/TDVP2_Tensor_2.png (PNG copy)>]
<images/TDVP2 Tensor Diagram/TDVP2_Tensor_3.png, id=1886, 819.8128pt x 434.3728
2pt>
File: images/TDVP2 Tensor Diagram/TDVP2_Tensor_3.png Graphic file (type png)
<use images/TDVP2 Tensor Diagram/TDVP2_Tensor_3.png>
Package pdftex.def Info: images/TDVP2 Tensor Diagram/TDVP2_Tensor_3.png  used o
n input line 550.
(pdftex.def)             Requested size: 291.92444pt x 154.67732pt.
 [68

 <./images/TDVP2 Tensor Diagram/TDVP2_Tensor_3.png (PNG copy)>]
<images/TDVP2 Tensor Diagram/TDVP2_Tensor_4.png, id=1914, 807.7678pt x 439.6425
pt>
File: images/TDVP2 Tensor Diagram/TDVP2_Tensor_4.png Graphic file (type png)
<use images/TDVP2 Tensor Diagram/TDVP2_Tensor_4.png>
Package pdftex.def Info: images/TDVP2 Tensor Diagram/TDVP2_Tensor_4.png  used o
n input line 550.
(pdftex.def)             Requested size: 291.92444pt x 158.88834pt.
 [69

 <./images/TDVP2 Tensor Diagram/TDVP2_Tensor_4.png (PNG copy)>]
<images/TDVP2 Tensor Diagram/TDVP2_Tensor_5.png, id=1941, 807.7678pt x 434.3728
2pt>
File: images/TDVP2 Tensor Diagram/TDVP2_Tensor_5.png Graphic file (type png)
<use images/TDVP2 Tensor Diagram/TDVP2_Tensor_5.png>
Package pdftex.def Info: images/TDVP2 Tensor Diagram/TDVP2_Tensor_5.png  used o
n input line 550.
(pdftex.def)             Requested size: 291.92444pt x 156.98386pt.
 [70

 <./images/TDVP2 Tensor Diagram/TDVP2_Tensor_5.png (PNG copy)>]
<images/TDVP2 Tensor Diagram/TDVP2_Tensor_6.png, id=1968, 809.27344pt x 436.631
26pt>
File: images/TDVP2 Tensor Diagram/TDVP2_Tensor_6.png Graphic file (type png)
<use images/TDVP2 Tensor Diagram/TDVP2_Tensor_6.png>
Package pdftex.def Info: images/TDVP2 Tensor Diagram/TDVP2_Tensor_6.png  used o
n input line 550.
(pdftex.def)             Requested size: 291.92444pt x 157.50693pt.
 [71

 <./images/TDVP2 Tensor Diagram/TDVP2_Tensor_6.png (PNG copy)>]
<images/TDVP2 Tensor Diagram/TDVP2_Tensor_7.png, id=1995, 809.27344pt x 434.372
82pt>
File: images/TDVP2 Tensor Diagram/TDVP2_Tensor_7.png Graphic file (type png)
<use images/TDVP2 Tensor Diagram/TDVP2_Tensor_7.png>
Package pdftex.def Info: images/TDVP2 Tensor Diagram/TDVP2_Tensor_7.png  used o
n input line 550.
(pdftex.def)             Requested size: 291.92444pt x 156.69223pt.

[72

 <./images/TDVP2 Tensor Diagram/TDVP2_Tensor_7.png (PNG copy)>]
<images/TDVP2 Tensor Diagram/TDVP2_Tensor_8.png, id=2023, 819.8128pt x 434.3728
2pt>
File: images/TDVP2 Tensor Diagram/TDVP2_Tensor_8.png Graphic file (type png)
<use images/TDVP2 Tensor Diagram/TDVP2_Tensor_8.png>
Package pdftex.def Info: images/TDVP2 Tensor Diagram/TDVP2_Tensor_8.png  used o
n input line 550.
(pdftex.def)             Requested size: 291.92444pt x 154.67732pt.
 [73

 <./images/TDVP2 Tensor Diagram/TDVP2_Tensor_8.png (PNG copy)>]
<images/TDVP2 Tensor Diagram/TDVP2_Evolution.png, id=2051, 2007.5pt x 1505.625p
t>
File: images/TDVP2 Tensor Diagram/TDVP2_Evolution.png Graphic file (type png)
<use images/TDVP2 Tensor Diagram/TDVP2_Evolution.png>
Package pdftex.def Info: images/TDVP2 Tensor Diagram/TDVP2_Evolution.png  used 
on input line 561.
(pdftex.def)             Requested size: 276.559pt x 207.40889pt.

Overfull \vbox (4.53577pt too high) detected at line 561
 []

[74

 <./images/TDVP2 Tensor Diagram/TDVP2_Evolution.png>]
<images/TDVP2 Tensor Diagram/bd_plot.png, id=2079, 1204.5pt x 803.0pt>
File: images/TDVP2 Tensor Diagram/bd_plot.png Graphic file (type png)
<use images/TDVP2 Tensor Diagram/bd_plot.png>
Package pdftex.def Info: images/TDVP2 Tensor Diagram/bd_plot.png  used on input
 line 571.
(pdftex.def)             Requested size: 291.92444pt x 194.61086pt.

Overfull \vbox (3.73773pt too high) detected at line 571
 []

[75

 <./images/TDVP2 Tensor Diagram/bd_plot.png>]

LaTeX Warning: Citation 'PhysRevLett.107.070601' on page 76 undefined on input 
line 583.

[76

]
No file main.toc.
[77

]
<images/Pulses/Pulses_plot.png, id=2161, 903.375pt x 602.25pt>
File: images/Pulses/Pulses_plot.png Graphic file (type png)
<use images/Pulses/Pulses_plot.png>
Package pdftex.def Info: images/Pulses/Pulses_plot.png  used on input line 609.

(pdftex.def)             Requested size: 199.73653pt x 133.15706pt.

Overfull \vbox (27.51314pt too high) detected at line 609
 []

[78

 <./images/Pulses/Pulses_plot.png>]
File: images/Pulses/Pulses_plot.png Graphic file (type png)
<use images/Pulses/Pulses_plot.png>
Package pdftex.def Info: images/Pulses/Pulses_plot.png  used on input line 609.

(pdftex.def)             Requested size: 199.73653pt x 133.15706pt.

Overfull \vbox (27.51314pt too high) detected at line 609
 []

[79

]
<images/Pulses/B_Spline_pulses_plot.png, id=2216, 903.375pt x 602.25pt>
File: images/Pulses/B_Spline_pulses_plot.png Graphic file (type png)
<use images/Pulses/B_Spline_pulses_plot.png>
Package pdftex.def Info: images/Pulses/B_Spline_pulses_plot.png  used on input 
line 618.
(pdftex.def)             Requested size: 245.83282pt x 163.88702pt.

pdfTeX warning (ext4): destination with the same identifier (name{fig:enter-lab
el}) has been already used, duplicate ignored
<to be read again> 
                   \relax 
l.618 \end{frame}
                  [80

 <./images/Pulses/B_Spline_pulses_plot.png>]
<images/TDVP_B_Spline/TDVP1_BsplineBD4.png, id=2244, 2007.5pt x 1505.625pt>
File: images/TDVP_B_Spline/TDVP1_BsplineBD4.png Graphic file (type png)
<use images/TDVP_B_Spline/TDVP1_BsplineBD4.png>
Package pdftex.def Info: images/TDVP_B_Spline/TDVP1_BsplineBD4.png  used on inp
ut line 626.
(pdftex.def)             Requested size: 276.559pt x 207.40889pt.
 [81

 <./images/TDVP_B_Spline/TDVP1_BsplineBD4.png>]
<images/TDVP_B_Spline/TDVP1_BsplineBD3.png, id=2271, 2007.5pt x 1505.625pt>
File: images/TDVP_B_Spline/TDVP1_BsplineBD3.png Graphic file (type png)
<use images/TDVP_B_Spline/TDVP1_BsplineBD3.png>
Package pdftex.def Info: images/TDVP_B_Spline/TDVP1_BsplineBD3.png  used on inp
ut line 626.
(pdftex.def)             Requested size: 276.559pt x 207.40889pt.
 [82

 <./images/TDVP_B_Spline/TDVP1_BsplineBD3.png>]
<images/TDVP_B_Spline/TDVP1_BsplineBD2.png, id=2298, 2007.5pt x 1505.625pt>
File: images/TDVP_B_Spline/TDVP1_BsplineBD2.png Graphic file (type png)
<use images/TDVP_B_Spline/TDVP1_BsplineBD2.png>
Package pdftex.def Info: images/TDVP_B_Spline/TDVP1_BsplineBD2.png  used on inp
ut line 626.
(pdftex.def)             Requested size: 276.559pt x 207.40889pt.
 [83

 <./images/TDVP_B_Spline/TDVP1_BsplineBD2.png>]
<images/TDVP_B_Spline/TDVP1_BsplineBD1.png, id=2325, 2007.5pt x 1505.625pt>
File: images/TDVP_B_Spline/TDVP1_BsplineBD1.png Graphic file (type png)
<use images/TDVP_B_Spline/TDVP1_BsplineBD1.png>
Package pdftex.def Info: images/TDVP_B_Spline/TDVP1_BsplineBD1.png  used on inp
ut line 626.
(pdftex.def)             Requested size: 276.559pt x 207.40889pt.
 [84

 <./images/TDVP_B_Spline/TDVP1_BsplineBD1.png>]
<images/TDVP2 Tensor Diagram/TDVP2_EvolutionSVD Cutoff_ 1.0e-5(1).png, id=2353,
 2007.5pt x 1505.625pt>
File: images/TDVP2 Tensor Diagram/TDVP2_EvolutionSVD Cutoff_ 1.0e-5(1).png Grap
hic file (type png)
<use images/TDVP2 Tensor Diagram/TDVP2_EvolutionSVD Cutoff_ 1.0e-5(1).png>
Package pdftex.def Info: images/TDVP2 Tensor Diagram/TDVP2_EvolutionSVD Cutoff_
 1.0e-5(1).png  used on input line 636.
(pdftex.def)             Requested size: 276.559pt x 207.40889pt.

pdfTeX warning (ext4): destination with the same identifier (name{fig:enter-lab
el}) has been already used, duplicate ignored
<to be read again> 
                   \relax 
l.636 \end{frame}
                 
Overfull \vbox (7.86494pt too high) detected at line 636
 []

[85

 <./images/TDVP2 Tensor Diagram/TDVP2_EvolutionSVD Cutoff_ 1.0e-5(1).png>]
[86

] [87

] [88

] [89

] [90

] [91

] [92

] [93

]

LaTeX Warning: Empty bibliography on input line 669.

[94

]
\tf@nav=\write7
\openout7 = `main.nav'.

\tf@toc=\write8
\openout8 = `main.toc'.

\tf@snm=\write9
\openout9 = `main.snm'.



LaTeX Warning: Hook 'shipout/lastpage' executed on wrong page (10 not 94).
               Rerun to correct this.

(./main.aux)
 ***********
LaTeX2e <2023-11-01> patch level 1
L3 programming layer <2024-01-22>
 ***********


LaTeX Warning: There were undefined references.


LaTeX Warning: There were multiply-defined labels.


Package rerunfilecheck Warning: File `main.out' has changed.
(rerunfilecheck)                Rerun to get outlines right
(rerunfilecheck)                or use package `bookmark'.

Package rerunfilecheck Info: Checksums for `main.out':
(rerunfilecheck)             Before: <no file>
(rerunfilecheck)             After:  081C6C4013F4BEB61FAE949983B65F9F;328.

Package biblatex Warning: Please (re)run Biber on the file:
(biblatex)                main
(biblatex)                and rerun LaTeX afterwards.

Package logreq Info: Writing requests to 'main.run.xml'.
\openout1 = `main.run.xml'.

 ) 
Here is how much of TeX's memory you used:
 35227 strings out of 474222
 712537 string characters out of 5748733
 1940975 words of memory out of 5000000
 56671 multiletter control sequences out of 15000+600000
 586414 words of font info for 124 fonts, out of 8000000 for 9000
 1141 hyphenation exceptions out of 8191
 128i,15n,123p,1129b,1006s stack positions out of 10000i,1000n,20000p,200000b,200000s
</usr/share/texlive/texmf-dist/fonts/type1/public/amsfonts/cm/cmb10.pfb></usr
/share/texlive/texmf-dist/fonts/type1/public/amsfonts/cm/cmex10.pfb></usr/share
/texlive/texmf-dist/fonts/type1/public/amsfonts/cmextra/cmex8.pfb></usr/share/t
exlive/texmf-dist/fonts/type1/public/amsfonts/cm/cmmi10.pfb></usr/share/texlive
/texmf-dist/fonts/type1/public/amsfonts/cm/cmmi5.pfb></usr/share/texlive/texmf-
dist/fonts/type1/public/amsfonts/cm/cmmi6.pfb></usr/share/texlive/texmf-dist/fo
nts/type1/public/amsfonts/cm/cmmi7.pfb></usr/share/texlive/texmf-dist/fonts/typ
e1/public/amsfonts/cm/cmmi8.pfb></usr/share/texlive/texmf-dist/fonts/type1/publ
ic/amsfonts/cm/cmmib10.pfb></usr/share/texlive/texmf-dist/fonts/type1/public/am
sfonts/cmextra/cmmib7.pfb></usr/share/texlive/texmf-dist/fonts/type1/public/ams
fonts/cm/cmr7.pfb></usr/share/texlive/texmf-dist/fonts/type1/public/amsfonts/cm
/cmr8.pfb></usr/share/texlive/texmf-dist/fonts/type1/public/amsfonts/cm/cmss10.
pfb></usr/share/texlive/texmf-dist/fonts/type1/public/amsfonts/cm/cmss12.pfb></
usr/share/texlive/texmf-dist/fonts/type1/public/amsfonts/cm/cmss8.pfb></usr/sha
re/texlive/texmf-dist/fonts/type1/public/amsfonts/cm/cmssbx10.pfb></usr/share/t
exlive/texmf-dist/fonts/type1/public/amsfonts/cm/cmssi10.pfb></usr/share/texliv
e/texmf-dist/fonts/type1/public/amsfonts/cm/cmssi8.pfb></usr/share/texlive/texm
f-dist/fonts/type1/public/amsfonts/cm/cmsy10.pfb></usr/share/texlive/texmf-dist
/fonts/type1/public/amsfonts/cm/cmsy5.pfb></usr/share/texlive/texmf-dist/fonts/
type1/public/amsfonts/cm/cmsy6.pfb></usr/share/texlive/texmf-dist/fonts/type1/p
ublic/amsfonts/cm/cmsy7.pfb></usr/share/texlive/texmf-dist/fonts/type1/public/a
msfonts/cm/cmsy8.pfb></usr/share/texlive/texmf-dist/fonts/type1/public/amsfonts
/cm/cmtt9.pfb></usr/share/texlive/texmf-dist/fonts/type1/public/amsfonts/euler/
eusb10.pfb></usr/share/texlive/texmf-dist/fonts/type1/public/amsfonts/symbols/m
sam10.pfb></usr/share/texlive/texmf-dist/fonts/type1/public/amsfonts/symbols/ms
bm10.pfb></usr/share/texmf/fonts/type1/public/cm-super/sfso1000.pfb>
Output written on main.pdf (94 pages, 8941980 bytes).
PDF statistics:
 2783 PDF objects out of 2984 (max. 8388607)
 2523 compressed objects within 26 object streams
 204 named destinations out of 1000 (max. 500000)
 378 words of extra memory for PDF output out of 10000 (max. 10000000)

